[debug] [2022-11-14T12:36:15.487Z] ----------------------------------------------------------------------
[debug] [2022-11-14T12:36:15.489Z] Command:       C:\Program Files\nodejs\node.exe C:\Users\denis\study\web_node\node_lab1_3\node_modules\firebase-tools\lib\bin\firebase.js deploy --only functions
[debug] [2022-11-14T12:36:15.489Z] CLI Version:   11.16.0
[debug] [2022-11-14T12:36:15.489Z] Platform:      win32
[debug] [2022-11-14T12:36:15.489Z] Node Version:  v16.14.2
[debug] [2022-11-14T12:36:15.490Z] Time:          Mon Nov 14 2022 14:36:15 GMT+0200 (Eastern European Standard Time)
[debug] [2022-11-14T12:36:15.490Z] ----------------------------------------------------------------------
[debug] 
[debug] [2022-11-14T12:36:15.532Z] > command requires scopes: ["email","openid","https://www.googleapis.com/auth/cloudplatformprojects.readonly","https://www.googleapis.com/auth/firebase","https://www.googleapis.com/auth/cloud-platform"]
[debug] [2022-11-14T12:36:15.533Z] > authorizing via signed-in user (d.sorokin@gmail.com)
[debug] [2022-11-14T12:36:15.533Z] [iam] checking project kpi-web-node-project-3 for permissions ["cloudfunctions.functions.create","cloudfunctions.functions.delete","cloudfunctions.functions.get","cloudfunctions.functions.list","cloudfunctions.functions.update","cloudfunctions.operations.get","firebase.projects.get"]
[debug] [2022-11-14T12:36:15.534Z] >>> [apiv2][query] POST https://cloudresourcemanager.googleapis.com/v1/projects/kpi-web-node-project-3:testIamPermissions [none]
[debug] [2022-11-14T12:36:15.534Z] >>> [apiv2][(partial)header] POST https://cloudresourcemanager.googleapis.com/v1/projects/kpi-web-node-project-3:testIamPermissions x-goog-quota-user=projects/kpi-web-node-project-3
[debug] [2022-11-14T12:36:15.535Z] >>> [apiv2][body] POST https://cloudresourcemanager.googleapis.com/v1/projects/kpi-web-node-project-3:testIamPermissions {"permissions":["cloudfunctions.functions.create","cloudfunctions.functions.delete","cloudfunctions.functions.get","cloudfunctions.functions.list","cloudfunctions.functions.update","cloudfunctions.operations.get","firebase.projects.get"]}
[debug] [2022-11-14T12:36:16.430Z] <<< [apiv2][status] POST https://cloudresourcemanager.googleapis.com/v1/projects/kpi-web-node-project-3:testIamPermissions 200
[debug] [2022-11-14T12:36:16.430Z] <<< [apiv2][body] POST https://cloudresourcemanager.googleapis.com/v1/projects/kpi-web-node-project-3:testIamPermissions {"permissions":["cloudfunctions.functions.create","cloudfunctions.functions.delete","cloudfunctions.functions.get","cloudfunctions.functions.list","cloudfunctions.functions.update","cloudfunctions.operations.get","firebase.projects.get"]}
[debug] [2022-11-14T12:36:16.430Z] >>> [apiv2][query] POST https://iam.googleapis.com/v1/projects/kpi-web-node-project-3/serviceAccounts/kpi-web-node-project-3@appspot.gserviceaccount.com:testIamPermissions [none]
[debug] [2022-11-14T12:36:16.430Z] >>> [apiv2][body] POST https://iam.googleapis.com/v1/projects/kpi-web-node-project-3/serviceAccounts/kpi-web-node-project-3@appspot.gserviceaccount.com:testIamPermissions {"permissions":["iam.serviceAccounts.actAs"]}
[debug] [2022-11-14T12:36:17.275Z] <<< [apiv2][status] POST https://iam.googleapis.com/v1/projects/kpi-web-node-project-3/serviceAccounts/kpi-web-node-project-3@appspot.gserviceaccount.com:testIamPermissions 404
[debug] [2022-11-14T12:36:17.275Z] <<< [apiv2][body] POST https://iam.googleapis.com/v1/projects/kpi-web-node-project-3/serviceAccounts/kpi-web-node-project-3@appspot.gserviceaccount.com:testIamPermissions {"error":{"code":404,"message":"Unknown service account","status":"NOT_FOUND"}}
[debug] [2022-11-14T12:36:17.275Z] [functions] service account IAM check errored, deploy may fail:HTTP Error: 404, Unknown service account {"name":"FirebaseError","children":[],"context":{"body":{"error":{"code":404,"message":"Unknown service account","status":"NOT_FOUND"}},"response":{"statusCode":404}},"exit":1,"message":"HTTP Error: 404, Unknown service account","status":404}
[info] 
[info] === Deploying to 'kpi-web-node-project-3'...
[info] 
[info] i  deploying functions 
[debug] [2022-11-14T12:36:17.279Z] >>> [apiv2][query] GET https://firebase.googleapis.com/v1beta1/projects/kpi-web-node-project-3 [none]
[debug] [2022-11-14T12:36:17.800Z] <<< [apiv2][status] GET https://firebase.googleapis.com/v1beta1/projects/kpi-web-node-project-3 200
[debug] [2022-11-14T12:36:17.800Z] <<< [apiv2][body] GET https://firebase.googleapis.com/v1beta1/projects/kpi-web-node-project-3 {"projectId":"kpi-web-node-project-3","projectNumber":"652643838360","displayName":"kpi-web-node-project-3","name":"projects/kpi-web-node-project-3","resources":{"hostingSite":"kpi-web-node-project-3"},"state":"ACTIVE","etag":"1_cef0fb66-0b90-4802-b500-a2651fd23a3b"}
[info] i  functions: ensuring required API cloudfunctions.googleapis.com is enabled... 
[info] i  functions: ensuring required API cloudbuild.googleapis.com is enabled... 
[info] i  artifactregistry: ensuring required API artifactregistry.googleapis.com is enabled... 
[debug] [2022-11-14T12:36:17.802Z] >>> [apiv2][query] GET https://serviceusage.googleapis.com/v1/projects/kpi-web-node-project-3/services/cloudfunctions.googleapis.com [none]
[debug] [2022-11-14T12:36:17.802Z] >>> [apiv2][(partial)header] GET https://serviceusage.googleapis.com/v1/projects/kpi-web-node-project-3/services/cloudfunctions.googleapis.com x-goog-quota-user=projects/kpi-web-node-project-3
[debug] [2022-11-14T12:36:17.803Z] >>> [apiv2][query] GET https://serviceusage.googleapis.com/v1/projects/kpi-web-node-project-3/services/runtimeconfig.googleapis.com [none]
[debug] [2022-11-14T12:36:17.803Z] >>> [apiv2][(partial)header] GET https://serviceusage.googleapis.com/v1/projects/kpi-web-node-project-3/services/runtimeconfig.googleapis.com x-goog-quota-user=projects/kpi-web-node-project-3
[debug] [2022-11-14T12:36:17.804Z] >>> [apiv2][query] GET https://serviceusage.googleapis.com/v1/projects/kpi-web-node-project-3/services/cloudbuild.googleapis.com [none]
[debug] [2022-11-14T12:36:17.804Z] >>> [apiv2][(partial)header] GET https://serviceusage.googleapis.com/v1/projects/kpi-web-node-project-3/services/cloudbuild.googleapis.com x-goog-quota-user=projects/kpi-web-node-project-3
[debug] [2022-11-14T12:36:17.804Z] >>> [apiv2][query] GET https://serviceusage.googleapis.com/v1/projects/kpi-web-node-project-3/services/artifactregistry.googleapis.com [none]
[debug] [2022-11-14T12:36:17.804Z] >>> [apiv2][(partial)header] GET https://serviceusage.googleapis.com/v1/projects/kpi-web-node-project-3/services/artifactregistry.googleapis.com x-goog-quota-user=projects/kpi-web-node-project-3
[debug] [2022-11-14T12:36:18.833Z] <<< [apiv2][status] GET https://serviceusage.googleapis.com/v1/projects/kpi-web-node-project-3/services/runtimeconfig.googleapis.com 200
[debug] [2022-11-14T12:36:18.833Z] <<< [apiv2][body] GET https://serviceusage.googleapis.com/v1/projects/kpi-web-node-project-3/services/runtimeconfig.googleapis.com [omitted]
[debug] [2022-11-14T12:36:18.842Z] <<< [apiv2][status] GET https://serviceusage.googleapis.com/v1/projects/kpi-web-node-project-3/services/cloudfunctions.googleapis.com 200
[debug] [2022-11-14T12:36:18.842Z] <<< [apiv2][body] GET https://serviceusage.googleapis.com/v1/projects/kpi-web-node-project-3/services/cloudfunctions.googleapis.com [omitted]
[warn] !  functions: missing required API cloudfunctions.googleapis.com. Enabling now... 
[debug] [2022-11-14T12:36:18.843Z] >>> [apiv2][query] POST https://serviceusage.googleapis.com/v1/projects/kpi-web-node-project-3/services/cloudfunctions.googleapis.com:enable [none]
[debug] [2022-11-14T12:36:18.843Z] >>> [apiv2][(partial)header] POST https://serviceusage.googleapis.com/v1/projects/kpi-web-node-project-3/services/cloudfunctions.googleapis.com:enable x-goog-quota-user=projects/kpi-web-node-project-3
[debug] [2022-11-14T12:36:18.857Z] <<< [apiv2][status] GET https://serviceusage.googleapis.com/v1/projects/kpi-web-node-project-3/services/cloudbuild.googleapis.com 200
[debug] [2022-11-14T12:36:18.857Z] <<< [apiv2][body] GET https://serviceusage.googleapis.com/v1/projects/kpi-web-node-project-3/services/cloudbuild.googleapis.com [omitted]
[warn] !  functions: missing required API cloudbuild.googleapis.com. Enabling now... 
[debug] [2022-11-14T12:36:18.857Z] >>> [apiv2][query] POST https://serviceusage.googleapis.com/v1/projects/kpi-web-node-project-3/services/cloudbuild.googleapis.com:enable [none]
[debug] [2022-11-14T12:36:18.857Z] >>> [apiv2][(partial)header] POST https://serviceusage.googleapis.com/v1/projects/kpi-web-node-project-3/services/cloudbuild.googleapis.com:enable x-goog-quota-user=projects/kpi-web-node-project-3
[debug] [2022-11-14T12:36:18.859Z] <<< [apiv2][status] GET https://serviceusage.googleapis.com/v1/projects/kpi-web-node-project-3/services/artifactregistry.googleapis.com 200
[debug] [2022-11-14T12:36:18.859Z] <<< [apiv2][body] GET https://serviceusage.googleapis.com/v1/projects/kpi-web-node-project-3/services/artifactregistry.googleapis.com [omitted]
[warn] !  artifactregistry: missing required API artifactregistry.googleapis.com. Enabling now... 
[debug] [2022-11-14T12:36:18.859Z] >>> [apiv2][query] POST https://serviceusage.googleapis.com/v1/projects/kpi-web-node-project-3/services/artifactregistry.googleapis.com:enable [none]
[debug] [2022-11-14T12:36:18.859Z] >>> [apiv2][(partial)header] POST https://serviceusage.googleapis.com/v1/projects/kpi-web-node-project-3/services/artifactregistry.googleapis.com:enable x-goog-quota-user=projects/kpi-web-node-project-3
[debug] [2022-11-14T12:36:21.211Z] <<< [apiv2][status] POST https://serviceusage.googleapis.com/v1/projects/kpi-web-node-project-3/services/cloudfunctions.googleapis.com:enable 200
[debug] [2022-11-14T12:36:21.211Z] <<< [apiv2][body] POST https://serviceusage.googleapis.com/v1/projects/kpi-web-node-project-3/services/cloudfunctions.googleapis.com:enable [omitted]
[debug] [2022-11-14T12:36:21.665Z] <<< [apiv2][status] POST https://serviceusage.googleapis.com/v1/projects/kpi-web-node-project-3/services/artifactregistry.googleapis.com:enable 200
[debug] [2022-11-14T12:36:21.665Z] <<< [apiv2][body] POST https://serviceusage.googleapis.com/v1/projects/kpi-web-node-project-3/services/artifactregistry.googleapis.com:enable [omitted]
[debug] [2022-11-14T12:36:21.825Z] <<< [apiv2][status] POST https://serviceusage.googleapis.com/v1/projects/kpi-web-node-project-3/services/cloudbuild.googleapis.com:enable 200
[debug] [2022-11-14T12:36:21.825Z] <<< [apiv2][body] POST https://serviceusage.googleapis.com/v1/projects/kpi-web-node-project-3/services/cloudbuild.googleapis.com:enable [omitted]
[debug] [2022-11-14T12:36:31.225Z] >>> [apiv2][query] GET https://serviceusage.googleapis.com/v1/projects/kpi-web-node-project-3/services/cloudfunctions.googleapis.com [none]
[debug] [2022-11-14T12:36:31.225Z] >>> [apiv2][(partial)header] GET https://serviceusage.googleapis.com/v1/projects/kpi-web-node-project-3/services/cloudfunctions.googleapis.com x-goog-quota-user=projects/kpi-web-node-project-3
[debug] [2022-11-14T12:36:31.678Z] >>> [apiv2][query] GET https://serviceusage.googleapis.com/v1/projects/kpi-web-node-project-3/services/artifactregistry.googleapis.com [none]
[debug] [2022-11-14T12:36:31.679Z] >>> [apiv2][(partial)header] GET https://serviceusage.googleapis.com/v1/projects/kpi-web-node-project-3/services/artifactregistry.googleapis.com x-goog-quota-user=projects/kpi-web-node-project-3
[debug] [2022-11-14T12:36:31.831Z] >>> [apiv2][query] GET https://serviceusage.googleapis.com/v1/projects/kpi-web-node-project-3/services/cloudbuild.googleapis.com [none]
[debug] [2022-11-14T12:36:31.832Z] >>> [apiv2][(partial)header] GET https://serviceusage.googleapis.com/v1/projects/kpi-web-node-project-3/services/cloudbuild.googleapis.com x-goog-quota-user=projects/kpi-web-node-project-3
[debug] [2022-11-14T12:36:32.253Z] <<< [apiv2][status] GET https://serviceusage.googleapis.com/v1/projects/kpi-web-node-project-3/services/cloudfunctions.googleapis.com 200
[debug] [2022-11-14T12:36:32.253Z] <<< [apiv2][body] GET https://serviceusage.googleapis.com/v1/projects/kpi-web-node-project-3/services/cloudfunctions.googleapis.com [omitted]
[info] +  functions: required API cloudfunctions.googleapis.com is enabled 
[debug] [2022-11-14T12:36:32.687Z] <<< [apiv2][status] GET https://serviceusage.googleapis.com/v1/projects/kpi-web-node-project-3/services/artifactregistry.googleapis.com 200
[debug] [2022-11-14T12:36:32.687Z] <<< [apiv2][body] GET https://serviceusage.googleapis.com/v1/projects/kpi-web-node-project-3/services/artifactregistry.googleapis.com [omitted]
[info] +  artifactregistry: required API artifactregistry.googleapis.com is enabled 
[debug] [2022-11-14T12:36:32.847Z] <<< [apiv2][status] GET https://serviceusage.googleapis.com/v1/projects/kpi-web-node-project-3/services/cloudbuild.googleapis.com 200
[debug] [2022-11-14T12:36:32.847Z] <<< [apiv2][body] GET https://serviceusage.googleapis.com/v1/projects/kpi-web-node-project-3/services/cloudbuild.googleapis.com [omitted]
[info] +  functions: required API cloudbuild.googleapis.com is enabled 
[debug] [2022-11-14T12:36:32.848Z] >>> [apiv2][query] GET https://firebase.googleapis.com/v1beta1/projects/kpi-web-node-project-3/adminSdkConfig [none]
[debug] [2022-11-14T12:36:33.238Z] <<< [apiv2][status] GET https://firebase.googleapis.com/v1beta1/projects/kpi-web-node-project-3/adminSdkConfig 200
[debug] [2022-11-14T12:36:33.239Z] <<< [apiv2][body] GET https://firebase.googleapis.com/v1beta1/projects/kpi-web-node-project-3/adminSdkConfig {"projectId":"kpi-web-node-project-3","storageBucket":"kpi-web-node-project-3.appspot.com"}
[debug] [2022-11-14T12:36:33.239Z] >>> [apiv2][query] GET https://runtimeconfig.googleapis.com/v1beta1/projects/kpi-web-node-project-3/configs [none]
[debug] [2022-11-14T12:36:33.618Z] <<< [apiv2][status] GET https://runtimeconfig.googleapis.com/v1beta1/projects/kpi-web-node-project-3/configs 200
[debug] [2022-11-14T12:36:33.618Z] <<< [apiv2][body] GET https://runtimeconfig.googleapis.com/v1beta1/projects/kpi-web-node-project-3/configs {}
[info] i  functions: preparing codebase default for deployment 
[debug] [2022-11-14T12:36:33.620Z] Validating nodejs source
[warn] !  functions: package.json indicates an outdated version of firebase-functions. Please upgrade using npm install --save firebase-functions@latest in your functions directory. 
[warn] !  functions: Please note that there will be breaking changes when you upgrade. 
[debug] [2022-11-14T12:36:35.435Z] > [functions] package.json contents: {
  "name": "functions",
  "type": "module",
  "scripts": {
    "lint": "eslint --ext .js,.ts .",
    "lint:fix": "eslint --ext .js,.ts . --fix",
    "serve": "npm run build && firebase emulators:start --only functions",
    "shell": "npm run build && firebase functions:shell",
    "start": "npm run shell",
    "deploy": "firebase deploy --only functions",
    "logs": "firebase functions:log"
  },
  "engines": {
    "node": "16"
  },
  "main": "src/index.js",
  "dependencies": {
    "firebase-functions": "^3.18.0"
  },
  "private": true
}
[debug] [2022-11-14T12:36:35.435Z] Building nodejs source
[debug] [2022-11-14T12:36:35.436Z] Could not find functions.yaml. Must use http discovery
[debug] [2022-11-14T12:36:35.574Z] Serving at port 9005

[debug] [2022-11-14T12:36:35.638Z] Got response from /__/functions.yaml {"endpoints":{"helloWorld":{"platform":"gcfv1","httpsTrigger":{},"entryPoint":"helloWorld"}},"specVersion":"v1alpha1","requiredAPIs":[]}
[debug] [2022-11-14T12:36:35.644Z] shutdown requested via /__/quitquitquit

[info] i  functions: preparing functions directory for uploading... 
[info] i  functions: packaged C:\Users\denis\study\web_node\node_lab1_3\functions (65.56 KB) for uploading 
[debug] [2022-11-14T12:36:35.686Z] >>> [apiv2][query] GET https://cloudfunctions.googleapis.com/v1/projects/kpi-web-node-project-3/locations/-/functions [none]
[debug] [2022-11-14T12:36:36.483Z] <<< [apiv2][status] GET https://cloudfunctions.googleapis.com/v1/projects/kpi-web-node-project-3/locations/-/functions 200
[debug] [2022-11-14T12:36:36.483Z] <<< [apiv2][body] GET https://cloudfunctions.googleapis.com/v1/projects/kpi-web-node-project-3/locations/-/functions {}
[debug] [2022-11-14T12:36:36.483Z] >>> [apiv2][query] GET https://cloudfunctions.googleapis.com/v2/projects/kpi-web-node-project-3/locations/-/functions filter=environment%3D%22GEN_2%22
[debug] [2022-11-14T12:36:37.621Z] <<< [apiv2][status] GET https://cloudfunctions.googleapis.com/v2/projects/kpi-web-node-project-3/locations/-/functions 200
[debug] [2022-11-14T12:36:37.621Z] <<< [apiv2][body] GET https://cloudfunctions.googleapis.com/v2/projects/kpi-web-node-project-3/locations/-/functions {}
[debug] [2022-11-14T12:36:37.624Z] >>> [apiv2][query] GET https://firebase.googleapis.com/v1beta1/projects/kpi-web-node-project-3 [none]
[debug] [2022-11-14T12:36:38.156Z] <<< [apiv2][status] GET https://firebase.googleapis.com/v1beta1/projects/kpi-web-node-project-3 200
[debug] [2022-11-14T12:36:38.156Z] <<< [apiv2][body] GET https://firebase.googleapis.com/v1beta1/projects/kpi-web-node-project-3 {"projectId":"kpi-web-node-project-3","projectNumber":"652643838360","displayName":"kpi-web-node-project-3","name":"projects/kpi-web-node-project-3","resources":{"hostingSite":"kpi-web-node-project-3"},"state":"ACTIVE","etag":"1_cef0fb66-0b90-4802-b500-a2651fd23a3b"}
[debug] [2022-11-14T12:36:38.157Z] [functions] found 1 new HTTP functions, testing setIamPolicy permission...
[debug] [2022-11-14T12:36:38.157Z] >>> [apiv2][query] POST https://cloudresourcemanager.googleapis.com/v1/projects/kpi-web-node-project-3:testIamPermissions [none]
[debug] [2022-11-14T12:36:38.157Z] >>> [apiv2][(partial)header] POST https://cloudresourcemanager.googleapis.com/v1/projects/kpi-web-node-project-3:testIamPermissions x-goog-quota-user=projects/kpi-web-node-project-3
[debug] [2022-11-14T12:36:38.157Z] >>> [apiv2][body] POST https://cloudresourcemanager.googleapis.com/v1/projects/kpi-web-node-project-3:testIamPermissions {"permissions":["cloudfunctions.functions.setIamPolicy"]}
[debug] [2022-11-14T12:36:39.150Z] <<< [apiv2][status] POST https://cloudresourcemanager.googleapis.com/v1/projects/kpi-web-node-project-3:testIamPermissions 200
[debug] [2022-11-14T12:36:39.150Z] <<< [apiv2][body] POST https://cloudresourcemanager.googleapis.com/v1/projects/kpi-web-node-project-3:testIamPermissions {"permissions":["cloudfunctions.functions.setIamPolicy"]}
[debug] [2022-11-14T12:36:39.150Z] [functions] found setIamPolicy permission, proceeding with deploy
[debug] [2022-11-14T12:36:39.151Z] >>> [apiv2][query] POST https://cloudfunctions.googleapis.com/v1/projects/kpi-web-node-project-3/locations/us-central1/functions:generateUploadUrl [none]
[debug] [2022-11-14T12:36:39.151Z] >>> [apiv2][body] POST https://cloudfunctions.googleapis.com/v1/projects/kpi-web-node-project-3/locations/us-central1/functions:generateUploadUrl {}
[debug] [2022-11-14T12:36:48.651Z] <<< [apiv2][status] POST https://cloudfunctions.googleapis.com/v1/projects/kpi-web-node-project-3/locations/us-central1/functions:generateUploadUrl 200
[debug] [2022-11-14T12:36:48.651Z] <<< [apiv2][body] POST https://cloudfunctions.googleapis.com/v1/projects/kpi-web-node-project-3/locations/us-central1/functions:generateUploadUrl {"uploadUrl":"https://storage.googleapis.com/uploads-28059068021.us-central1.cloudfunctions.appspot.com/8afd6bf8-b327-493d-967a-5bceedc93b3a.zip?GoogleAccessId=service-652643838360@gcf-admin-robot.iam.gserviceaccount.com&Expires=1668431206&Signature=RLCCKYJw0w8ldNYRpN7gcHav8UDUVKAagsDKfTf%2BpWkvM9U8qqhAY64SWDkLBGaQcNgHNb7%2F3YDll8pP1AD%2BX8qLONj4GNIhTOMMHhmOJW1a4SlUEXwLrADeAYWPlj5DFm65COh18HrCLIczz3NQJaxYzdvNJYyEbTAlXhBGDoDRBnthcgUx54sC6kMtZWeEA0tOhCMc5gD9r4t%2Fvs9LFl%2BaD%2BfxZc2anjB5Q%2FTb7tIVxvzJynvaTL3S7gQ9bTYKTepYxgYXfYNEol8wFWGC%2F%2BMnwqjEuahnLeKhR%2BcbYsx0DJcMhl4B4F4t38yvXlZZC15tExUFLnGLq5WMFHJVeg%3D%3D"}
[debug] [2022-11-14T12:36:48.652Z] >>> [apiv2][query] PUT https://storage.googleapis.com/uploads-28059068021.us-central1.cloudfunctions.appspot.com/8afd6bf8-b327-493d-967a-5bceedc93b3a.zip GoogleAccessId=service-652643838360%40gcf-admin-robot.iam.gserviceaccount.com&Expires=1668431206&Signature=RLCCKYJw0w8ldNYRpN7gcHav8UDUVKAagsDKfTf%2BpWkvM9U8qqhAY64SWDkLBGaQcNgHNb7%2F3YDll8pP1AD%2BX8qLONj4GNIhTOMMHhmOJW1a4SlUEXwLrADeAYWPlj5DFm65COh18HrCLIczz3NQJaxYzdvNJYyEbTAlXhBGDoDRBnthcgUx54sC6kMtZWeEA0tOhCMc5gD9r4t%2Fvs9LFl%2BaD%2BfxZc2anjB5Q%2FTb7tIVxvzJynvaTL3S7gQ9bTYKTepYxgYXfYNEol8wFWGC%2F%2BMnwqjEuahnLeKhR%2BcbYsx0DJcMhl4B4F4t38yvXlZZC15tExUFLnGLq5WMFHJVeg%3D%3D
[debug] [2022-11-14T12:36:48.652Z] >>> [apiv2][body] PUT https://storage.googleapis.com/uploads-28059068021.us-central1.cloudfunctions.appspot.com/8afd6bf8-b327-493d-967a-5bceedc93b3a.zip [stream]
[debug] [2022-11-14T12:36:49.520Z] <<< [apiv2][status] PUT https://storage.googleapis.com/uploads-28059068021.us-central1.cloudfunctions.appspot.com/8afd6bf8-b327-493d-967a-5bceedc93b3a.zip 200
[debug] [2022-11-14T12:36:49.520Z] <<< [apiv2][body] PUT https://storage.googleapis.com/uploads-28059068021.us-central1.cloudfunctions.appspot.com/8afd6bf8-b327-493d-967a-5bceedc93b3a.zip [omitted]
[info] +  functions: functions folder uploaded successfully 
[info] i  functions: creating Node.js 16 function helloWorld(us-central1)... 
[debug] [2022-11-14T12:36:49.526Z] >>> [apiv2][query] POST https://cloudfunctions.googleapis.com/v1/projects/kpi-web-node-project-3/locations/us-central1/functions [none]
[debug] [2022-11-14T12:36:49.526Z] >>> [apiv2][body] POST https://cloudfunctions.googleapis.com/v1/projects/kpi-web-node-project-3/locations/us-central1/functions {"name":"projects/kpi-web-node-project-3/locations/us-central1/functions/helloWorld","sourceUploadUrl":"https://storage.googleapis.com/uploads-28059068021.us-central1.cloudfunctions.appspot.com/8afd6bf8-b327-493d-967a-5bceedc93b3a.zip?GoogleAccessId=service-652643838360@gcf-admin-robot.iam.gserviceaccount.com&Expires=1668431206&Signature=RLCCKYJw0w8ldNYRpN7gcHav8UDUVKAagsDKfTf%2BpWkvM9U8qqhAY64SWDkLBGaQcNgHNb7%2F3YDll8pP1AD%2BX8qLONj4GNIhTOMMHhmOJW1a4SlUEXwLrADeAYWPlj5DFm65COh18HrCLIczz3NQJaxYzdvNJYyEbTAlXhBGDoDRBnthcgUx54sC6kMtZWeEA0tOhCMc5gD9r4t%2Fvs9LFl%2BaD%2BfxZc2anjB5Q%2FTb7tIVxvzJynvaTL3S7gQ9bTYKTepYxgYXfYNEol8wFWGC%2F%2BMnwqjEuahnLeKhR%2BcbYsx0DJcMhl4B4F4t38yvXlZZC15tExUFLnGLq5WMFHJVeg%3D%3D","entryPoint":"helloWorld","runtime":"nodejs16","dockerRegistry":"ARTIFACT_REGISTRY","labels":{"deployment-tool":"cli-firebase","firebase-functions-hash":"61eb56f6cd41351eae528def648793c218b2ae23"},"httpsTrigger":{"securityLevel":"SECURE_ALWAYS"},"environmentVariables":{"FIREBASE_CONFIG":"{\"projectId\":\"kpi-web-node-project-3\",\"storageBucket\":\"kpi-web-node-project-3.appspot.com\"}","GCLOUD_PROJECT":"kpi-web-node-project-3","EVENTARC_CLOUD_EVENT_SOURCE":"projects/kpi-web-node-project-3/locations/us-central1/functions/helloWorld"}}
[debug] [2022-11-14T12:36:49.987Z] <<< [apiv2][status] POST https://cloudfunctions.googleapis.com/v1/projects/kpi-web-node-project-3/locations/us-central1/functions 403
[debug] [2022-11-14T12:36:49.987Z] <<< [apiv2][body] POST https://cloudfunctions.googleapis.com/v1/projects/kpi-web-node-project-3/locations/us-central1/functions {"error":{"code":403,"message":"Unable to retrieve the repository metadata for projects/kpi-web-node-project-3/locations/us-central1/repositories/gcf-artifacts. Ensure that the Cloud Functions service account has 'artifactregistry.repositories.list' and 'artifactregistry.repositories.get' permissions. You can add the permissions by granting the role 'roles/artifactregistry.reader'.","status":"PERMISSION_DENIED"}}
[warn] !  functions: failed to create function projects/kpi-web-node-project-3/locations/us-central1/functions/helloWorld 
[error] Failed to create function projects/kpi-web-node-project-3/locations/us-central1/functions/helloWorld
[debug] [2022-11-14T12:36:49.989Z] Total Function Deployment time: 463
[debug] [2022-11-14T12:36:49.989Z] 1 Functions Deployed
[debug] [2022-11-14T12:36:49.989Z] 1 Functions Errored
[debug] [2022-11-14T12:36:49.989Z] 0 Function Deployments Aborted
[debug] [2022-11-14T12:36:49.989Z] Average Function Deployment time: 462
[info] 
[info] Functions deploy had errors with the following functions:
	helloWorld(us-central1)
[debug] [2022-11-14T12:36:49.990Z] Not printing URL for HTTPS function. Typically this means it didn't match a filter or we failed deployment
[info] i  functions: cleaning up build files... 
[debug] [2022-11-14T12:36:49.991Z] >>> [apiv2][query] DELETE https://artifactregistry.googleapis.com/v1beta2/projects/kpi-web-node-project-3/locations/us-central1/repositories/gcf-artifacts/packages/hello_world [none]
[debug] [2022-11-14T12:36:49.992Z] >>> [apiv2][query] GET https://us.gcr.io/v2/kpi-web-node-project-3/gcf/us-central1/tags/list [none]
[debug] [2022-11-14T12:36:50.904Z] <<< [apiv2][status] DELETE https://artifactregistry.googleapis.com/v1beta2/projects/kpi-web-node-project-3/locations/us-central1/repositories/gcf-artifacts/packages/hello_world 404
[debug] [2022-11-14T12:36:50.904Z] <<< [apiv2][body] DELETE https://artifactregistry.googleapis.com/v1beta2/projects/kpi-web-node-project-3/locations/us-central1/repositories/gcf-artifacts/packages/hello_world {"error":{"code":404,"message":"Package \"projects/kpi-web-node-project-3/locations/us-central1/repositories/gcf-artifacts/packages/hello_world\" was not found.","status":"NOT_FOUND"}}
[debug] [2022-11-14T12:36:52.183Z] <<< [apiv2][status] GET https://us.gcr.io/v2/kpi-web-node-project-3/gcf/us-central1/tags/list 200
[debug] [2022-11-14T12:36:52.183Z] <<< [apiv2][body] GET https://us.gcr.io/v2/kpi-web-node-project-3/gcf/us-central1/tags/list {"child":[],"manifest":{},"name":"kpi-web-node-project-3/gcf/us-central1","tags":[]}
[debug] [2022-11-14T12:36:52.183Z] Could not find image for function projects/kpi-web-node-project-3/locations/us-central1/functions/helloWorld
[debug] [2022-11-14T12:36:52.184Z] Functions deploy failed.
[debug] [2022-11-14T12:36:52.184Z] {
  "endpoint": {
    "id": "helloWorld",
    "project": "kpi-web-node-project-3",
    "region": "us-central1",
    "entryPoint": "helloWorld",
    "platform": "gcfv1",
    "runtime": "nodejs16",
    "httpsTrigger": {},
    "environmentVariables": {
      "FIREBASE_CONFIG": "{\"projectId\":\"kpi-web-node-project-3\",\"storageBucket\":\"kpi-web-node-project-3.appspot.com\"}",
      "GCLOUD_PROJECT": "kpi-web-node-project-3",
      "EVENTARC_CLOUD_EVENT_SOURCE": "projects/kpi-web-node-project-3/locations/us-central1/functions/helloWorld"
    },
    "codebase": "default",
    "targetedByOnly": false,
    "hash": "61eb56f6cd41351eae528def648793c218b2ae23",
    "labels": {
      "deployment-tool": "cli-firebase"
    }
  },
  "op": "create",
  "original": {
    "name": "FirebaseError",
    "children": [],
    "context": {
      "function": "projects/kpi-web-node-project-3/locations/us-central1/functions/helloWorld"
    },
    "exit": 1,
    "message": "Failed to create function projects/kpi-web-node-project-3/locations/us-central1/functions/helloWorld",
    "original": {
      "name": "FirebaseError",
      "children": [],
      "context": {
        "body": {
          "error": {
            "code": 403,
            "message": "Unable to retrieve the repository metadata for projects/kpi-web-node-project-3/locations/us-central1/repositories/gcf-artifacts. Ensure that the Cloud Functions service account has 'artifactregistry.repositories.list' and 'artifactregistry.repositories.get' permissions. You can add the permissions by granting the role 'roles/artifactregistry.reader'.",
            "status": "PERMISSION_DENIED"
          }
        },
        "response": {
          "statusCode": 403
        }
      },
      "exit": 1,
      "message": "HTTP Error: 403, Unable to retrieve the repository metadata for projects/kpi-web-node-project-3/locations/us-central1/repositories/gcf-artifacts. Ensure that the Cloud Functions service account has 'artifactregistry.repositories.list' and 'artifactregistry.repositories.get' permissions. You can add the permissions by granting the role 'roles/artifactregistry.reader'.",
      "status": 403
    },
    "status": 500
  }
}
[debug] [2022-11-14T12:36:52.184Z] Error: Failed to create function helloWorld in region us-central1
    at C:\Users\denis\study\web_node\node_lab1_3\node_modules\firebase-tools\lib\deploy\functions\release\fabricator.js:41:11
    at processTicksAndRejections (node:internal/process/task_queues:96:5)
    at async Fabricator.createV1Function (C:\Users\denis\study\web_node\node_lab1_3\node_modules\firebase-tools\lib\deploy\functions\release\fabricator.js:171:32)
    at async Fabricator.createEndpoint (C:\Users\denis\study\web_node\node_lab1_3\node_modules\firebase-tools\lib\deploy\functions\release\fabricator.js:122:13)
    at async handle (C:\Users\denis\study\web_node\node_lab1_3\node_modules\firebase-tools\lib\deploy\functions\release\fabricator.js:78:17)
[error] 
[error] Error: There was an error deploying functions
[debug] [2022-11-14T12:38:03.118Z] ----------------------------------------------------------------------
[debug] [2022-11-14T12:38:03.119Z] Command:       C:\Program Files\nodejs\node.exe C:\Users\denis\AppData\Roaming\npm\node_modules\firebase-tools\lib\bin\firebase.js deploy --debug --only functions
[debug] [2022-11-14T12:38:03.119Z] CLI Version:   11.16.0
[debug] [2022-11-14T12:38:03.119Z] Platform:      win32
[debug] [2022-11-14T12:38:03.119Z] Node Version:  v16.14.2
[debug] [2022-11-14T12:38:03.120Z] Time:          Mon Nov 14 2022 14:38:03 GMT+0200 (Eastern European Standard Time)
[debug] [2022-11-14T12:38:03.120Z] ----------------------------------------------------------------------
[debug] 
[debug] [2022-11-14T12:38:03.167Z] > command requires scopes: ["email","openid","https://www.googleapis.com/auth/cloudplatformprojects.readonly","https://www.googleapis.com/auth/firebase","https://www.googleapis.com/auth/cloud-platform"]
[debug] [2022-11-14T12:38:03.168Z] > authorizing via signed-in user (d.sorokin@gmail.com)
[debug] [2022-11-14T12:38:03.169Z] [iam] checking project kpi-web-node-project-3 for permissions ["cloudfunctions.functions.create","cloudfunctions.functions.delete","cloudfunctions.functions.get","cloudfunctions.functions.list","cloudfunctions.functions.update","cloudfunctions.operations.get","firebase.projects.get"]
[debug] [2022-11-14T12:38:03.171Z] >>> [apiv2][query] POST https://cloudresourcemanager.googleapis.com/v1/projects/kpi-web-node-project-3:testIamPermissions [none]
[debug] [2022-11-14T12:38:03.172Z] >>> [apiv2][(partial)header] POST https://cloudresourcemanager.googleapis.com/v1/projects/kpi-web-node-project-3:testIamPermissions x-goog-quota-user=projects/kpi-web-node-project-3
[debug] [2022-11-14T12:38:03.172Z] >>> [apiv2][body] POST https://cloudresourcemanager.googleapis.com/v1/projects/kpi-web-node-project-3:testIamPermissions {"permissions":["cloudfunctions.functions.create","cloudfunctions.functions.delete","cloudfunctions.functions.get","cloudfunctions.functions.list","cloudfunctions.functions.update","cloudfunctions.operations.get","firebase.projects.get"]}
[debug] [2022-11-14T12:38:04.100Z] <<< [apiv2][status] POST https://cloudresourcemanager.googleapis.com/v1/projects/kpi-web-node-project-3:testIamPermissions 200
[debug] [2022-11-14T12:38:04.100Z] <<< [apiv2][body] POST https://cloudresourcemanager.googleapis.com/v1/projects/kpi-web-node-project-3:testIamPermissions {"permissions":["cloudfunctions.functions.create","cloudfunctions.functions.delete","cloudfunctions.functions.get","cloudfunctions.functions.list","cloudfunctions.functions.update","cloudfunctions.operations.get","firebase.projects.get"]}
[debug] [2022-11-14T12:38:04.101Z] >>> [apiv2][query] POST https://iam.googleapis.com/v1/projects/kpi-web-node-project-3/serviceAccounts/kpi-web-node-project-3@appspot.gserviceaccount.com:testIamPermissions [none]
[debug] [2022-11-14T12:38:04.101Z] >>> [apiv2][body] POST https://iam.googleapis.com/v1/projects/kpi-web-node-project-3/serviceAccounts/kpi-web-node-project-3@appspot.gserviceaccount.com:testIamPermissions {"permissions":["iam.serviceAccounts.actAs"]}
[debug] [2022-11-14T12:38:04.861Z] <<< [apiv2][status] POST https://iam.googleapis.com/v1/projects/kpi-web-node-project-3/serviceAccounts/kpi-web-node-project-3@appspot.gserviceaccount.com:testIamPermissions 200
[debug] [2022-11-14T12:38:04.862Z] <<< [apiv2][body] POST https://iam.googleapis.com/v1/projects/kpi-web-node-project-3/serviceAccounts/kpi-web-node-project-3@appspot.gserviceaccount.com:testIamPermissions {"permissions":["iam.serviceAccounts.actAs"]}
[info] 
[info] === Deploying to 'kpi-web-node-project-3'...
[info] 
[info] i  deploying functions 
[debug] [2022-11-14T12:38:04.866Z] >>> [apiv2][query] GET https://firebase.googleapis.com/v1beta1/projects/kpi-web-node-project-3 [none]
[debug] [2022-11-14T12:38:05.381Z] <<< [apiv2][status] GET https://firebase.googleapis.com/v1beta1/projects/kpi-web-node-project-3 200
[debug] [2022-11-14T12:38:05.382Z] <<< [apiv2][body] GET https://firebase.googleapis.com/v1beta1/projects/kpi-web-node-project-3 {"projectId":"kpi-web-node-project-3","projectNumber":"652643838360","displayName":"kpi-web-node-project-3","name":"projects/kpi-web-node-project-3","resources":{"hostingSite":"kpi-web-node-project-3"},"state":"ACTIVE","etag":"1_cef0fb66-0b90-4802-b500-a2651fd23a3b"}
[info] i  functions: ensuring required API cloudfunctions.googleapis.com is enabled... 
[info] i  functions: ensuring required API cloudbuild.googleapis.com is enabled... 
[info] i  artifactregistry: ensuring required API artifactregistry.googleapis.com is enabled... 
[debug] [2022-11-14T12:38:05.384Z] >>> [apiv2][query] GET https://serviceusage.googleapis.com/v1/projects/kpi-web-node-project-3/services/cloudfunctions.googleapis.com [none]
[debug] [2022-11-14T12:38:05.384Z] >>> [apiv2][(partial)header] GET https://serviceusage.googleapis.com/v1/projects/kpi-web-node-project-3/services/cloudfunctions.googleapis.com x-goog-quota-user=projects/kpi-web-node-project-3
[debug] [2022-11-14T12:38:05.385Z] >>> [apiv2][query] GET https://serviceusage.googleapis.com/v1/projects/kpi-web-node-project-3/services/runtimeconfig.googleapis.com [none]
[debug] [2022-11-14T12:38:05.386Z] >>> [apiv2][(partial)header] GET https://serviceusage.googleapis.com/v1/projects/kpi-web-node-project-3/services/runtimeconfig.googleapis.com x-goog-quota-user=projects/kpi-web-node-project-3
[debug] [2022-11-14T12:38:05.386Z] >>> [apiv2][query] GET https://serviceusage.googleapis.com/v1/projects/kpi-web-node-project-3/services/cloudbuild.googleapis.com [none]
[debug] [2022-11-14T12:38:05.387Z] >>> [apiv2][(partial)header] GET https://serviceusage.googleapis.com/v1/projects/kpi-web-node-project-3/services/cloudbuild.googleapis.com x-goog-quota-user=projects/kpi-web-node-project-3
[debug] [2022-11-14T12:38:05.388Z] >>> [apiv2][query] GET https://serviceusage.googleapis.com/v1/projects/kpi-web-node-project-3/services/artifactregistry.googleapis.com [none]
[debug] [2022-11-14T12:38:05.388Z] >>> [apiv2][(partial)header] GET https://serviceusage.googleapis.com/v1/projects/kpi-web-node-project-3/services/artifactregistry.googleapis.com x-goog-quota-user=projects/kpi-web-node-project-3
[debug] [2022-11-14T12:38:06.386Z] <<< [apiv2][status] GET https://serviceusage.googleapis.com/v1/projects/kpi-web-node-project-3/services/artifactregistry.googleapis.com 200
[debug] [2022-11-14T12:38:06.387Z] <<< [apiv2][body] GET https://serviceusage.googleapis.com/v1/projects/kpi-web-node-project-3/services/artifactregistry.googleapis.com [omitted]
[info] +  artifactregistry: required API artifactregistry.googleapis.com is enabled 
[debug] [2022-11-14T12:38:06.401Z] <<< [apiv2][status] GET https://serviceusage.googleapis.com/v1/projects/kpi-web-node-project-3/services/cloudfunctions.googleapis.com 200
[debug] [2022-11-14T12:38:06.402Z] <<< [apiv2][body] GET https://serviceusage.googleapis.com/v1/projects/kpi-web-node-project-3/services/cloudfunctions.googleapis.com [omitted]
[info] +  functions: required API cloudfunctions.googleapis.com is enabled 
[debug] [2022-11-14T12:38:06.405Z] <<< [apiv2][status] GET https://serviceusage.googleapis.com/v1/projects/kpi-web-node-project-3/services/cloudbuild.googleapis.com 200
[debug] [2022-11-14T12:38:06.406Z] <<< [apiv2][body] GET https://serviceusage.googleapis.com/v1/projects/kpi-web-node-project-3/services/cloudbuild.googleapis.com [omitted]
[info] +  functions: required API cloudbuild.googleapis.com is enabled 
[debug] [2022-11-14T12:38:06.467Z] <<< [apiv2][status] GET https://serviceusage.googleapis.com/v1/projects/kpi-web-node-project-3/services/runtimeconfig.googleapis.com 200
[debug] [2022-11-14T12:38:06.468Z] <<< [apiv2][body] GET https://serviceusage.googleapis.com/v1/projects/kpi-web-node-project-3/services/runtimeconfig.googleapis.com [omitted]
[debug] [2022-11-14T12:38:06.468Z] >>> [apiv2][query] GET https://firebase.googleapis.com/v1beta1/projects/kpi-web-node-project-3/adminSdkConfig [none]
[debug] [2022-11-14T12:38:06.822Z] <<< [apiv2][status] GET https://firebase.googleapis.com/v1beta1/projects/kpi-web-node-project-3/adminSdkConfig 200
[debug] [2022-11-14T12:38:06.822Z] <<< [apiv2][body] GET https://firebase.googleapis.com/v1beta1/projects/kpi-web-node-project-3/adminSdkConfig {"projectId":"kpi-web-node-project-3","storageBucket":"kpi-web-node-project-3.appspot.com"}
[debug] [2022-11-14T12:38:06.823Z] >>> [apiv2][query] GET https://runtimeconfig.googleapis.com/v1beta1/projects/kpi-web-node-project-3/configs [none]
[debug] [2022-11-14T12:38:07.192Z] <<< [apiv2][status] GET https://runtimeconfig.googleapis.com/v1beta1/projects/kpi-web-node-project-3/configs 200
[debug] [2022-11-14T12:38:07.192Z] <<< [apiv2][body] GET https://runtimeconfig.googleapis.com/v1beta1/projects/kpi-web-node-project-3/configs {}
[info] i  functions: preparing codebase default for deployment 
[debug] [2022-11-14T12:38:07.194Z] Validating nodejs source
[warn] !  functions: package.json indicates an outdated version of firebase-functions. Please upgrade using npm install --save firebase-functions@latest in your functions directory. 
[warn] !  functions: Please note that there will be breaking changes when you upgrade. 
[debug] [2022-11-14T12:38:09.153Z] > [functions] package.json contents: {
  "name": "functions",
  "type": "module",
  "scripts": {
    "lint": "eslint --ext .js,.ts .",
    "lint:fix": "eslint --ext .js,.ts . --fix",
    "serve": "npm run build && firebase emulators:start --only functions",
    "shell": "npm run build && firebase functions:shell",
    "start": "npm run shell",
    "deploy": "firebase deploy --only functions",
    "logs": "firebase functions:log"
  },
  "engines": {
    "node": "16"
  },
  "main": "src/index.js",
  "dependencies": {
    "firebase-functions": "^3.18.0"
  },
  "private": true
}
[debug] [2022-11-14T12:38:09.155Z] Building nodejs source
[debug] [2022-11-14T12:38:09.156Z] Could not find functions.yaml. Must use http discovery
[debug] [2022-11-14T12:38:09.304Z] Serving at port 9005

[debug] [2022-11-14T12:38:09.372Z] Got response from /__/functions.yaml {"endpoints":{"helloWorld":{"platform":"gcfv1","httpsTrigger":{},"entryPoint":"helloWorld"}},"specVersion":"v1alpha1","requiredAPIs":[]}
[debug] [2022-11-14T12:38:09.378Z] shutdown requested via /__/quitquitquit

[info] i  functions: preparing functions directory for uploading... 
[info] i  functions: packaged C:\Users\denis\study\web_node\node_lab1_3\functions (65.56 KB) for uploading 
[debug] [2022-11-14T12:38:09.428Z] >>> [apiv2][query] GET https://cloudfunctions.googleapis.com/v1/projects/kpi-web-node-project-3/locations/-/functions [none]
[debug] [2022-11-14T12:38:10.060Z] <<< [apiv2][status] GET https://cloudfunctions.googleapis.com/v1/projects/kpi-web-node-project-3/locations/-/functions 200
[debug] [2022-11-14T12:38:10.061Z] <<< [apiv2][body] GET https://cloudfunctions.googleapis.com/v1/projects/kpi-web-node-project-3/locations/-/functions {}
[debug] [2022-11-14T12:38:10.061Z] >>> [apiv2][query] GET https://cloudfunctions.googleapis.com/v2/projects/kpi-web-node-project-3/locations/-/functions filter=environment%3D%22GEN_2%22
[debug] [2022-11-14T12:38:11.194Z] <<< [apiv2][status] GET https://cloudfunctions.googleapis.com/v2/projects/kpi-web-node-project-3/locations/-/functions 200
[debug] [2022-11-14T12:38:11.195Z] <<< [apiv2][body] GET https://cloudfunctions.googleapis.com/v2/projects/kpi-web-node-project-3/locations/-/functions {}
[debug] [2022-11-14T12:38:11.198Z] >>> [apiv2][query] GET https://firebase.googleapis.com/v1beta1/projects/kpi-web-node-project-3 [none]
[debug] [2022-11-14T12:38:11.592Z] <<< [apiv2][status] GET https://firebase.googleapis.com/v1beta1/projects/kpi-web-node-project-3 200
[debug] [2022-11-14T12:38:11.593Z] <<< [apiv2][body] GET https://firebase.googleapis.com/v1beta1/projects/kpi-web-node-project-3 {"projectId":"kpi-web-node-project-3","projectNumber":"652643838360","displayName":"kpi-web-node-project-3","name":"projects/kpi-web-node-project-3","resources":{"hostingSite":"kpi-web-node-project-3"},"state":"ACTIVE","etag":"1_cef0fb66-0b90-4802-b500-a2651fd23a3b"}
[debug] [2022-11-14T12:38:11.595Z] [functions] found 1 new HTTP functions, testing setIamPolicy permission...
[debug] [2022-11-14T12:38:11.596Z] >>> [apiv2][query] POST https://cloudresourcemanager.googleapis.com/v1/projects/kpi-web-node-project-3:testIamPermissions [none]
[debug] [2022-11-14T12:38:11.596Z] >>> [apiv2][(partial)header] POST https://cloudresourcemanager.googleapis.com/v1/projects/kpi-web-node-project-3:testIamPermissions x-goog-quota-user=projects/kpi-web-node-project-3
[debug] [2022-11-14T12:38:11.596Z] >>> [apiv2][body] POST https://cloudresourcemanager.googleapis.com/v1/projects/kpi-web-node-project-3:testIamPermissions {"permissions":["cloudfunctions.functions.setIamPolicy"]}
[debug] [2022-11-14T12:38:12.418Z] <<< [apiv2][status] POST https://cloudresourcemanager.googleapis.com/v1/projects/kpi-web-node-project-3:testIamPermissions 200
[debug] [2022-11-14T12:38:12.419Z] <<< [apiv2][body] POST https://cloudresourcemanager.googleapis.com/v1/projects/kpi-web-node-project-3:testIamPermissions {"permissions":["cloudfunctions.functions.setIamPolicy"]}
[debug] [2022-11-14T12:38:12.419Z] [functions] found setIamPolicy permission, proceeding with deploy
[debug] [2022-11-14T12:38:12.420Z] >>> [apiv2][query] POST https://cloudfunctions.googleapis.com/v1/projects/kpi-web-node-project-3/locations/us-central1/functions:generateUploadUrl [none]
[debug] [2022-11-14T12:38:12.421Z] >>> [apiv2][body] POST https://cloudfunctions.googleapis.com/v1/projects/kpi-web-node-project-3/locations/us-central1/functions:generateUploadUrl {}
[debug] [2022-11-14T12:38:13.104Z] <<< [apiv2][status] POST https://cloudfunctions.googleapis.com/v1/projects/kpi-web-node-project-3/locations/us-central1/functions:generateUploadUrl 200
[debug] [2022-11-14T12:38:13.104Z] <<< [apiv2][body] POST https://cloudfunctions.googleapis.com/v1/projects/kpi-web-node-project-3/locations/us-central1/functions:generateUploadUrl {"uploadUrl":"https://storage.googleapis.com/uploads-28059068021.us-central1.cloudfunctions.appspot.com/bee0db01-1075-484f-8720-3c17b844cbd0.zip?GoogleAccessId=service-652643838360@gcf-admin-robot.iam.gserviceaccount.com&Expires=1668431291&Signature=dSOrniskv%2BOnotLIKHV8AyWdHGEvvXRoO9%2BDHJkHUteXMQKFv3OJhbVZIM07VuKu3J%2BHhDyNId%2BQXBfWt2BSJRTmfA3PbfXQ9r5u48ah%2ByktvO44MUWAjQfjQaW9k3e94v11xozyxnVJCYyyAARyKfHI%2BKt17ZbBLAXuqtrxat1RbAPrJe3RJMwY4H%2B4aA14k%2Fkv0F0Pc1MkXpCPBkjNVD1b7UzUYmsamnkK01Za3DGBW24MFfF%2F40EBYm0P3vq%2FUGhVBNU4TNw31njiLQeEucwzs48PtUhbJjcusmZhN02Vk6uZDFlg2KBNrbZJbdKy8HgIqB9pAacBwSOl5qt6Eg%3D%3D"}
[debug] [2022-11-14T12:38:13.106Z] >>> [apiv2][query] PUT https://storage.googleapis.com/uploads-28059068021.us-central1.cloudfunctions.appspot.com/bee0db01-1075-484f-8720-3c17b844cbd0.zip GoogleAccessId=service-652643838360%40gcf-admin-robot.iam.gserviceaccount.com&Expires=1668431291&Signature=dSOrniskv%2BOnotLIKHV8AyWdHGEvvXRoO9%2BDHJkHUteXMQKFv3OJhbVZIM07VuKu3J%2BHhDyNId%2BQXBfWt2BSJRTmfA3PbfXQ9r5u48ah%2ByktvO44MUWAjQfjQaW9k3e94v11xozyxnVJCYyyAARyKfHI%2BKt17ZbBLAXuqtrxat1RbAPrJe3RJMwY4H%2B4aA14k%2Fkv0F0Pc1MkXpCPBkjNVD1b7UzUYmsamnkK01Za3DGBW24MFfF%2F40EBYm0P3vq%2FUGhVBNU4TNw31njiLQeEucwzs48PtUhbJjcusmZhN02Vk6uZDFlg2KBNrbZJbdKy8HgIqB9pAacBwSOl5qt6Eg%3D%3D
[debug] [2022-11-14T12:38:13.106Z] >>> [apiv2][body] PUT https://storage.googleapis.com/uploads-28059068021.us-central1.cloudfunctions.appspot.com/bee0db01-1075-484f-8720-3c17b844cbd0.zip [stream]
[debug] [2022-11-14T12:38:14.013Z] <<< [apiv2][status] PUT https://storage.googleapis.com/uploads-28059068021.us-central1.cloudfunctions.appspot.com/bee0db01-1075-484f-8720-3c17b844cbd0.zip 200
[debug] [2022-11-14T12:38:14.013Z] <<< [apiv2][body] PUT https://storage.googleapis.com/uploads-28059068021.us-central1.cloudfunctions.appspot.com/bee0db01-1075-484f-8720-3c17b844cbd0.zip [omitted]
[info] +  functions: functions folder uploaded successfully 
[info] i  functions: creating Node.js 16 function helloWorld(us-central1)... 
[debug] [2022-11-14T12:38:14.016Z] >>> [apiv2][query] POST https://cloudfunctions.googleapis.com/v1/projects/kpi-web-node-project-3/locations/us-central1/functions [none]
[debug] [2022-11-14T12:38:14.017Z] >>> [apiv2][body] POST https://cloudfunctions.googleapis.com/v1/projects/kpi-web-node-project-3/locations/us-central1/functions {"name":"projects/kpi-web-node-project-3/locations/us-central1/functions/helloWorld","sourceUploadUrl":"https://storage.googleapis.com/uploads-28059068021.us-central1.cloudfunctions.appspot.com/bee0db01-1075-484f-8720-3c17b844cbd0.zip?GoogleAccessId=service-652643838360@gcf-admin-robot.iam.gserviceaccount.com&Expires=1668431291&Signature=dSOrniskv%2BOnotLIKHV8AyWdHGEvvXRoO9%2BDHJkHUteXMQKFv3OJhbVZIM07VuKu3J%2BHhDyNId%2BQXBfWt2BSJRTmfA3PbfXQ9r5u48ah%2ByktvO44MUWAjQfjQaW9k3e94v11xozyxnVJCYyyAARyKfHI%2BKt17ZbBLAXuqtrxat1RbAPrJe3RJMwY4H%2B4aA14k%2Fkv0F0Pc1MkXpCPBkjNVD1b7UzUYmsamnkK01Za3DGBW24MFfF%2F40EBYm0P3vq%2FUGhVBNU4TNw31njiLQeEucwzs48PtUhbJjcusmZhN02Vk6uZDFlg2KBNrbZJbdKy8HgIqB9pAacBwSOl5qt6Eg%3D%3D","entryPoint":"helloWorld","runtime":"nodejs16","dockerRegistry":"ARTIFACT_REGISTRY","labels":{"deployment-tool":"cli-firebase","firebase-functions-hash":"61eb56f6cd41351eae528def648793c218b2ae23"},"httpsTrigger":{"securityLevel":"SECURE_ALWAYS"},"environmentVariables":{"FIREBASE_CONFIG":"{\"projectId\":\"kpi-web-node-project-3\",\"storageBucket\":\"kpi-web-node-project-3.appspot.com\"}","GCLOUD_PROJECT":"kpi-web-node-project-3","EVENTARC_CLOUD_EVENT_SOURCE":"projects/kpi-web-node-project-3/locations/us-central1/functions/helloWorld"}}
[debug] [2022-11-14T12:38:14.608Z] <<< [apiv2][status] POST https://cloudfunctions.googleapis.com/v1/projects/kpi-web-node-project-3/locations/us-central1/functions 200
[debug] [2022-11-14T12:38:14.608Z] <<< [apiv2][body] POST https://cloudfunctions.googleapis.com/v1/projects/kpi-web-node-project-3/locations/us-central1/functions {"name":"operations/a3BpLXdlYi1ub2RlLXByb2plY3QtMy91cy1jZW50cmFsMS9oZWxsb1dvcmxkL3dTV0NZLVliZlhz","metadata":{"@type":"type.googleapis.com/google.cloud.functions.v1.OperationMetadataV1","target":"projects/kpi-web-node-project-3/locations/us-central1/functions/helloWorld","type":"CREATE_FUNCTION","request":{"@type":"type.googleapis.com/google.cloud.functions.v1.CloudFunction","name":"projects/kpi-web-node-project-3/locations/us-central1/functions/helloWorld","httpsTrigger":{"securityLevel":"SECURE_ALWAYS"},"entryPoint":"helloWorld","labels":{"deployment-tool":"cli-firebase","firebase-functions-hash":"61eb56f6cd41351eae528def648793c218b2ae23"},"sourceUploadUrl":"https://storage.googleapis.com/uploads-28059068021.us-central1.cloudfunctions.appspot.com/bee0db01-1075-484f-8720-3c17b844cbd0.zip?GoogleAccessId=service-652643838360@gcf-admin-robot.iam.gserviceaccount.com&Expires=1668431291&Signature=dSOrniskv%2BOnotLIKHV8AyWdHGEvvXRoO9%2BDHJkHUteXMQKFv3OJhbVZIM07VuKu3J%2BHhDyNId%2BQXBfWt2BSJRTmfA3PbfXQ9r5u48ah%2ByktvO44MUWAjQfjQaW9k3e94v11xozyxnVJCYyyAARyKfHI%2BKt17ZbBLAXuqtrxat1RbAPrJe3RJMwY4H%2B4aA14k%2Fkv0F0Pc1MkXpCPBkjNVD1b7UzUYmsamnkK01Za3DGBW24MFfF%2F40EBYm0P3vq%2FUGhVBNU4TNw31njiLQeEucwzs48PtUhbJjcusmZhN02Vk6uZDFlg2KBNrbZJbdKy8HgIqB9pAacBwSOl5qt6Eg%3D%3D","environmentVariables":{"FIREBASE_CONFIG":"{\"projectId\":\"kpi-web-node-project-3\",\"storageBucket\":\"kpi-web-node-project-3.appspot.com\"}","GCLOUD_PROJECT":"kpi-web-node-project-3","EVENTARC_CLOUD_EVENT_SOURCE":"projects/kpi-web-node-project-3/locations/us-central1/functions/helloWorld"},"runtime":"nodejs16","dockerRegistry":"ARTIFACT_REGISTRY"},"versionId":"1","updateTime":"2022-11-14T12:38:12Z"}}
[debug] [2022-11-14T12:38:14.610Z] >>> [apiv2][query] GET https://cloudfunctions.googleapis.com/v1/operations/a3BpLXdlYi1ub2RlLXByb2plY3QtMy91cy1jZW50cmFsMS9oZWxsb1dvcmxkL3dTV0NZLVliZlhz [none]
[debug] [2022-11-14T12:38:14.951Z] <<< [apiv2][status] GET https://cloudfunctions.googleapis.com/v1/operations/a3BpLXdlYi1ub2RlLXByb2plY3QtMy91cy1jZW50cmFsMS9oZWxsb1dvcmxkL3dTV0NZLVliZlhz 200
[debug] [2022-11-14T12:38:14.952Z] <<< [apiv2][body] GET https://cloudfunctions.googleapis.com/v1/operations/a3BpLXdlYi1ub2RlLXByb2plY3QtMy91cy1jZW50cmFsMS9oZWxsb1dvcmxkL3dTV0NZLVliZlhz {"name":"operations/a3BpLXdlYi1ub2RlLXByb2plY3QtMy91cy1jZW50cmFsMS9oZWxsb1dvcmxkL3dTV0NZLVliZlhz","metadata":{"@type":"type.googleapis.com/google.cloud.functions.v1.OperationMetadataV1","target":"projects/kpi-web-node-project-3/locations/us-central1/functions/helloWorld","type":"CREATE_FUNCTION","request":{"@type":"type.googleapis.com/google.cloud.functions.v1.CloudFunction","name":"projects/kpi-web-node-project-3/locations/us-central1/functions/helloWorld","httpsTrigger":{"securityLevel":"SECURE_ALWAYS"},"entryPoint":"helloWorld","labels":{"deployment-tool":"cli-firebase","firebase-functions-hash":"61eb56f6cd41351eae528def648793c218b2ae23"},"sourceUploadUrl":"https://storage.googleapis.com/uploads-28059068021.us-central1.cloudfunctions.appspot.com/bee0db01-1075-484f-8720-3c17b844cbd0.zip?GoogleAccessId=service-652643838360@gcf-admin-robot.iam.gserviceaccount.com&Expires=1668431291&Signature=dSOrniskv%2BOnotLIKHV8AyWdHGEvvXRoO9%2BDHJkHUteXMQKFv3OJhbVZIM07VuKu3J%2BHhDyNId%2BQXBfWt2BSJRTmfA3PbfXQ9r5u48ah%2ByktvO44MUWAjQfjQaW9k3e94v11xozyxnVJCYyyAARyKfHI%2BKt17ZbBLAXuqtrxat1RbAPrJe3RJMwY4H%2B4aA14k%2Fkv0F0Pc1MkXpCPBkjNVD1b7UzUYmsamnkK01Za3DGBW24MFfF%2F40EBYm0P3vq%2FUGhVBNU4TNw31njiLQeEucwzs48PtUhbJjcusmZhN02Vk6uZDFlg2KBNrbZJbdKy8HgIqB9pAacBwSOl5qt6Eg%3D%3D","environmentVariables":{"FIREBASE_CONFIG":"{\"projectId\":\"kpi-web-node-project-3\",\"storageBucket\":\"kpi-web-node-project-3.appspot.com\"}","GCLOUD_PROJECT":"kpi-web-node-project-3","EVENTARC_CLOUD_EVENT_SOURCE":"projects/kpi-web-node-project-3/locations/us-central1/functions/helloWorld"},"runtime":"nodejs16","dockerRegistry":"ARTIFACT_REGISTRY"},"versionId":"1","updateTime":"2022-11-14T12:38:12Z"}}
[debug] [2022-11-14T12:38:15.466Z] [create-default-us-central1-helloWorld] Retrying task index 0
[debug] [2022-11-14T12:38:15.468Z] >>> [apiv2][query] GET https://cloudfunctions.googleapis.com/v1/operations/a3BpLXdlYi1ub2RlLXByb2plY3QtMy91cy1jZW50cmFsMS9oZWxsb1dvcmxkL3dTV0NZLVliZlhz [none]
[debug] [2022-11-14T12:38:15.803Z] <<< [apiv2][status] GET https://cloudfunctions.googleapis.com/v1/operations/a3BpLXdlYi1ub2RlLXByb2plY3QtMy91cy1jZW50cmFsMS9oZWxsb1dvcmxkL3dTV0NZLVliZlhz 200
[debug] [2022-11-14T12:38:15.803Z] <<< [apiv2][body] GET https://cloudfunctions.googleapis.com/v1/operations/a3BpLXdlYi1ub2RlLXByb2plY3QtMy91cy1jZW50cmFsMS9oZWxsb1dvcmxkL3dTV0NZLVliZlhz {"name":"operations/a3BpLXdlYi1ub2RlLXByb2plY3QtMy91cy1jZW50cmFsMS9oZWxsb1dvcmxkL3dTV0NZLVliZlhz","metadata":{"@type":"type.googleapis.com/google.cloud.functions.v1.OperationMetadataV1","target":"projects/kpi-web-node-project-3/locations/us-central1/functions/helloWorld","type":"CREATE_FUNCTION","request":{"@type":"type.googleapis.com/google.cloud.functions.v1.CloudFunction","name":"projects/kpi-web-node-project-3/locations/us-central1/functions/helloWorld","httpsTrigger":{"securityLevel":"SECURE_ALWAYS"},"entryPoint":"helloWorld","labels":{"deployment-tool":"cli-firebase","firebase-functions-hash":"61eb56f6cd41351eae528def648793c218b2ae23"},"sourceUploadUrl":"https://storage.googleapis.com/uploads-28059068021.us-central1.cloudfunctions.appspot.com/bee0db01-1075-484f-8720-3c17b844cbd0.zip?GoogleAccessId=service-652643838360@gcf-admin-robot.iam.gserviceaccount.com&Expires=1668431291&Signature=dSOrniskv%2BOnotLIKHV8AyWdHGEvvXRoO9%2BDHJkHUteXMQKFv3OJhbVZIM07VuKu3J%2BHhDyNId%2BQXBfWt2BSJRTmfA3PbfXQ9r5u48ah%2ByktvO44MUWAjQfjQaW9k3e94v11xozyxnVJCYyyAARyKfHI%2BKt17ZbBLAXuqtrxat1RbAPrJe3RJMwY4H%2B4aA14k%2Fkv0F0Pc1MkXpCPBkjNVD1b7UzUYmsamnkK01Za3DGBW24MFfF%2F40EBYm0P3vq%2FUGhVBNU4TNw31njiLQeEucwzs48PtUhbJjcusmZhN02Vk6uZDFlg2KBNrbZJbdKy8HgIqB9pAacBwSOl5qt6Eg%3D%3D","environmentVariables":{"FIREBASE_CONFIG":"{\"projectId\":\"kpi-web-node-project-3\",\"storageBucket\":\"kpi-web-node-project-3.appspot.com\"}","GCLOUD_PROJECT":"kpi-web-node-project-3","EVENTARC_CLOUD_EVENT_SOURCE":"projects/kpi-web-node-project-3/locations/us-central1/functions/helloWorld"},"runtime":"nodejs16","dockerRegistry":"ARTIFACT_REGISTRY"},"versionId":"1","updateTime":"2022-11-14T12:38:12Z"}}
[debug] [2022-11-14T12:38:16.808Z] [create-default-us-central1-helloWorld] Retrying task index 0
[debug] [2022-11-14T12:38:16.809Z] >>> [apiv2][query] GET https://cloudfunctions.googleapis.com/v1/operations/a3BpLXdlYi1ub2RlLXByb2plY3QtMy91cy1jZW50cmFsMS9oZWxsb1dvcmxkL3dTV0NZLVliZlhz [none]
[debug] [2022-11-14T12:38:17.135Z] <<< [apiv2][status] GET https://cloudfunctions.googleapis.com/v1/operations/a3BpLXdlYi1ub2RlLXByb2plY3QtMy91cy1jZW50cmFsMS9oZWxsb1dvcmxkL3dTV0NZLVliZlhz 200
[debug] [2022-11-14T12:38:17.136Z] <<< [apiv2][body] GET https://cloudfunctions.googleapis.com/v1/operations/a3BpLXdlYi1ub2RlLXByb2plY3QtMy91cy1jZW50cmFsMS9oZWxsb1dvcmxkL3dTV0NZLVliZlhz {"name":"operations/a3BpLXdlYi1ub2RlLXByb2plY3QtMy91cy1jZW50cmFsMS9oZWxsb1dvcmxkL3dTV0NZLVliZlhz","metadata":{"@type":"type.googleapis.com/google.cloud.functions.v1.OperationMetadataV1","target":"projects/kpi-web-node-project-3/locations/us-central1/functions/helloWorld","type":"CREATE_FUNCTION","request":{"@type":"type.googleapis.com/google.cloud.functions.v1.CloudFunction","name":"projects/kpi-web-node-project-3/locations/us-central1/functions/helloWorld","httpsTrigger":{"securityLevel":"SECURE_ALWAYS"},"entryPoint":"helloWorld","labels":{"deployment-tool":"cli-firebase","firebase-functions-hash":"61eb56f6cd41351eae528def648793c218b2ae23"},"sourceUploadUrl":"https://storage.googleapis.com/uploads-28059068021.us-central1.cloudfunctions.appspot.com/bee0db01-1075-484f-8720-3c17b844cbd0.zip?GoogleAccessId=service-652643838360@gcf-admin-robot.iam.gserviceaccount.com&Expires=1668431291&Signature=dSOrniskv%2BOnotLIKHV8AyWdHGEvvXRoO9%2BDHJkHUteXMQKFv3OJhbVZIM07VuKu3J%2BHhDyNId%2BQXBfWt2BSJRTmfA3PbfXQ9r5u48ah%2ByktvO44MUWAjQfjQaW9k3e94v11xozyxnVJCYyyAARyKfHI%2BKt17ZbBLAXuqtrxat1RbAPrJe3RJMwY4H%2B4aA14k%2Fkv0F0Pc1MkXpCPBkjNVD1b7UzUYmsamnkK01Za3DGBW24MFfF%2F40EBYm0P3vq%2FUGhVBNU4TNw31njiLQeEucwzs48PtUhbJjcusmZhN02Vk6uZDFlg2KBNrbZJbdKy8HgIqB9pAacBwSOl5qt6Eg%3D%3D","environmentVariables":{"FIREBASE_CONFIG":"{\"projectId\":\"kpi-web-node-project-3\",\"storageBucket\":\"kpi-web-node-project-3.appspot.com\"}","GCLOUD_PROJECT":"kpi-web-node-project-3","EVENTARC_CLOUD_EVENT_SOURCE":"projects/kpi-web-node-project-3/locations/us-central1/functions/helloWorld"},"runtime":"nodejs16","dockerRegistry":"ARTIFACT_REGISTRY"},"versionId":"1","updateTime":"2022-11-14T12:38:12Z"}}
[debug] [2022-11-14T12:38:19.153Z] [create-default-us-central1-helloWorld] Retrying task index 0
[debug] [2022-11-14T12:38:19.154Z] >>> [apiv2][query] GET https://cloudfunctions.googleapis.com/v1/operations/a3BpLXdlYi1ub2RlLXByb2plY3QtMy91cy1jZW50cmFsMS9oZWxsb1dvcmxkL3dTV0NZLVliZlhz [none]
[debug] [2022-11-14T12:38:19.543Z] <<< [apiv2][status] GET https://cloudfunctions.googleapis.com/v1/operations/a3BpLXdlYi1ub2RlLXByb2plY3QtMy91cy1jZW50cmFsMS9oZWxsb1dvcmxkL3dTV0NZLVliZlhz 200
[debug] [2022-11-14T12:38:19.543Z] <<< [apiv2][body] GET https://cloudfunctions.googleapis.com/v1/operations/a3BpLXdlYi1ub2RlLXByb2plY3QtMy91cy1jZW50cmFsMS9oZWxsb1dvcmxkL3dTV0NZLVliZlhz {"name":"operations/a3BpLXdlYi1ub2RlLXByb2plY3QtMy91cy1jZW50cmFsMS9oZWxsb1dvcmxkL3dTV0NZLVliZlhz","metadata":{"@type":"type.googleapis.com/google.cloud.functions.v1.OperationMetadataV1","target":"projects/kpi-web-node-project-3/locations/us-central1/functions/helloWorld","type":"CREATE_FUNCTION","request":{"@type":"type.googleapis.com/google.cloud.functions.v1.CloudFunction","name":"projects/kpi-web-node-project-3/locations/us-central1/functions/helloWorld","httpsTrigger":{"securityLevel":"SECURE_ALWAYS"},"entryPoint":"helloWorld","labels":{"deployment-tool":"cli-firebase","firebase-functions-hash":"61eb56f6cd41351eae528def648793c218b2ae23"},"sourceUploadUrl":"https://storage.googleapis.com/uploads-28059068021.us-central1.cloudfunctions.appspot.com/bee0db01-1075-484f-8720-3c17b844cbd0.zip?GoogleAccessId=service-652643838360@gcf-admin-robot.iam.gserviceaccount.com&Expires=1668431291&Signature=dSOrniskv%2BOnotLIKHV8AyWdHGEvvXRoO9%2BDHJkHUteXMQKFv3OJhbVZIM07VuKu3J%2BHhDyNId%2BQXBfWt2BSJRTmfA3PbfXQ9r5u48ah%2ByktvO44MUWAjQfjQaW9k3e94v11xozyxnVJCYyyAARyKfHI%2BKt17ZbBLAXuqtrxat1RbAPrJe3RJMwY4H%2B4aA14k%2Fkv0F0Pc1MkXpCPBkjNVD1b7UzUYmsamnkK01Za3DGBW24MFfF%2F40EBYm0P3vq%2FUGhVBNU4TNw31njiLQeEucwzs48PtUhbJjcusmZhN02Vk6uZDFlg2KBNrbZJbdKy8HgIqB9pAacBwSOl5qt6Eg%3D%3D","environmentVariables":{"FIREBASE_CONFIG":"{\"projectId\":\"kpi-web-node-project-3\",\"storageBucket\":\"kpi-web-node-project-3.appspot.com\"}","GCLOUD_PROJECT":"kpi-web-node-project-3","EVENTARC_CLOUD_EVENT_SOURCE":"projects/kpi-web-node-project-3/locations/us-central1/functions/helloWorld"},"runtime":"nodejs16","dockerRegistry":"ARTIFACT_REGISTRY"},"versionId":"1","updateTime":"2022-11-14T12:38:12Z"}}
[debug] [2022-11-14T12:38:23.549Z] [create-default-us-central1-helloWorld] Retrying task index 0
[debug] [2022-11-14T12:38:23.549Z] >>> [apiv2][query] GET https://cloudfunctions.googleapis.com/v1/operations/a3BpLXdlYi1ub2RlLXByb2plY3QtMy91cy1jZW50cmFsMS9oZWxsb1dvcmxkL3dTV0NZLVliZlhz [none]
[debug] [2022-11-14T12:38:23.874Z] <<< [apiv2][status] GET https://cloudfunctions.googleapis.com/v1/operations/a3BpLXdlYi1ub2RlLXByb2plY3QtMy91cy1jZW50cmFsMS9oZWxsb1dvcmxkL3dTV0NZLVliZlhz 200
[debug] [2022-11-14T12:38:23.874Z] <<< [apiv2][body] GET https://cloudfunctions.googleapis.com/v1/operations/a3BpLXdlYi1ub2RlLXByb2plY3QtMy91cy1jZW50cmFsMS9oZWxsb1dvcmxkL3dTV0NZLVliZlhz {"name":"operations/a3BpLXdlYi1ub2RlLXByb2plY3QtMy91cy1jZW50cmFsMS9oZWxsb1dvcmxkL3dTV0NZLVliZlhz","metadata":{"@type":"type.googleapis.com/google.cloud.functions.v1.OperationMetadataV1","target":"projects/kpi-web-node-project-3/locations/us-central1/functions/helloWorld","type":"CREATE_FUNCTION","request":{"@type":"type.googleapis.com/google.cloud.functions.v1.CloudFunction","name":"projects/kpi-web-node-project-3/locations/us-central1/functions/helloWorld","httpsTrigger":{"securityLevel":"SECURE_ALWAYS"},"entryPoint":"helloWorld","labels":{"deployment-tool":"cli-firebase","firebase-functions-hash":"61eb56f6cd41351eae528def648793c218b2ae23"},"sourceUploadUrl":"https://storage.googleapis.com/uploads-28059068021.us-central1.cloudfunctions.appspot.com/bee0db01-1075-484f-8720-3c17b844cbd0.zip?GoogleAccessId=service-652643838360@gcf-admin-robot.iam.gserviceaccount.com&Expires=1668431291&Signature=dSOrniskv%2BOnotLIKHV8AyWdHGEvvXRoO9%2BDHJkHUteXMQKFv3OJhbVZIM07VuKu3J%2BHhDyNId%2BQXBfWt2BSJRTmfA3PbfXQ9r5u48ah%2ByktvO44MUWAjQfjQaW9k3e94v11xozyxnVJCYyyAARyKfHI%2BKt17ZbBLAXuqtrxat1RbAPrJe3RJMwY4H%2B4aA14k%2Fkv0F0Pc1MkXpCPBkjNVD1b7UzUYmsamnkK01Za3DGBW24MFfF%2F40EBYm0P3vq%2FUGhVBNU4TNw31njiLQeEucwzs48PtUhbJjcusmZhN02Vk6uZDFlg2KBNrbZJbdKy8HgIqB9pAacBwSOl5qt6Eg%3D%3D","environmentVariables":{"FIREBASE_CONFIG":"{\"projectId\":\"kpi-web-node-project-3\",\"storageBucket\":\"kpi-web-node-project-3.appspot.com\"}","GCLOUD_PROJECT":"kpi-web-node-project-3","EVENTARC_CLOUD_EVENT_SOURCE":"projects/kpi-web-node-project-3/locations/us-central1/functions/helloWorld"},"runtime":"nodejs16","dockerRegistry":"ARTIFACT_REGISTRY"},"versionId":"1","updateTime":"2022-11-14T12:38:12Z"}}
[debug] [2022-11-14T12:38:31.876Z] [create-default-us-central1-helloWorld] Retrying task index 0
[debug] [2022-11-14T12:38:31.877Z] >>> [apiv2][query] GET https://cloudfunctions.googleapis.com/v1/operations/a3BpLXdlYi1ub2RlLXByb2plY3QtMy91cy1jZW50cmFsMS9oZWxsb1dvcmxkL3dTV0NZLVliZlhz [none]
[debug] [2022-11-14T12:38:32.201Z] <<< [apiv2][status] GET https://cloudfunctions.googleapis.com/v1/operations/a3BpLXdlYi1ub2RlLXByb2plY3QtMy91cy1jZW50cmFsMS9oZWxsb1dvcmxkL3dTV0NZLVliZlhz 200
[debug] [2022-11-14T12:38:32.202Z] <<< [apiv2][body] GET https://cloudfunctions.googleapis.com/v1/operations/a3BpLXdlYi1ub2RlLXByb2plY3QtMy91cy1jZW50cmFsMS9oZWxsb1dvcmxkL3dTV0NZLVliZlhz {"name":"operations/a3BpLXdlYi1ub2RlLXByb2plY3QtMy91cy1jZW50cmFsMS9oZWxsb1dvcmxkL3dTV0NZLVliZlhz","metadata":{"@type":"type.googleapis.com/google.cloud.functions.v1.OperationMetadataV1","target":"projects/kpi-web-node-project-3/locations/us-central1/functions/helloWorld","type":"CREATE_FUNCTION","request":{"@type":"type.googleapis.com/google.cloud.functions.v1.CloudFunction","name":"projects/kpi-web-node-project-3/locations/us-central1/functions/helloWorld","httpsTrigger":{"securityLevel":"SECURE_ALWAYS"},"entryPoint":"helloWorld","labels":{"deployment-tool":"cli-firebase","firebase-functions-hash":"61eb56f6cd41351eae528def648793c218b2ae23"},"sourceUploadUrl":"https://storage.googleapis.com/uploads-28059068021.us-central1.cloudfunctions.appspot.com/bee0db01-1075-484f-8720-3c17b844cbd0.zip?GoogleAccessId=service-652643838360@gcf-admin-robot.iam.gserviceaccount.com&Expires=1668431291&Signature=dSOrniskv%2BOnotLIKHV8AyWdHGEvvXRoO9%2BDHJkHUteXMQKFv3OJhbVZIM07VuKu3J%2BHhDyNId%2BQXBfWt2BSJRTmfA3PbfXQ9r5u48ah%2ByktvO44MUWAjQfjQaW9k3e94v11xozyxnVJCYyyAARyKfHI%2BKt17ZbBLAXuqtrxat1RbAPrJe3RJMwY4H%2B4aA14k%2Fkv0F0Pc1MkXpCPBkjNVD1b7UzUYmsamnkK01Za3DGBW24MFfF%2F40EBYm0P3vq%2FUGhVBNU4TNw31njiLQeEucwzs48PtUhbJjcusmZhN02Vk6uZDFlg2KBNrbZJbdKy8HgIqB9pAacBwSOl5qt6Eg%3D%3D","environmentVariables":{"FIREBASE_CONFIG":"{\"projectId\":\"kpi-web-node-project-3\",\"storageBucket\":\"kpi-web-node-project-3.appspot.com\"}","GCLOUD_PROJECT":"kpi-web-node-project-3","EVENTARC_CLOUD_EVENT_SOURCE":"projects/kpi-web-node-project-3/locations/us-central1/functions/helloWorld"},"runtime":"nodejs16","dockerRegistry":"ARTIFACT_REGISTRY"},"versionId":"1","updateTime":"2022-11-14T12:38:12Z","buildId":"2d6ea094-1c01-43c0-965e-2fb1df2547f2","buildName":"projects/652643838360/locations/us-central1/builds/2d6ea094-1c01-43c0-965e-2fb1df2547f2"}}
[debug] [2022-11-14T12:38:42.209Z] [create-default-us-central1-helloWorld] Retrying task index 0
[debug] [2022-11-14T12:38:42.210Z] >>> [apiv2][query] GET https://cloudfunctions.googleapis.com/v1/operations/a3BpLXdlYi1ub2RlLXByb2plY3QtMy91cy1jZW50cmFsMS9oZWxsb1dvcmxkL3dTV0NZLVliZlhz [none]
[debug] [2022-11-14T12:38:42.562Z] <<< [apiv2][status] GET https://cloudfunctions.googleapis.com/v1/operations/a3BpLXdlYi1ub2RlLXByb2plY3QtMy91cy1jZW50cmFsMS9oZWxsb1dvcmxkL3dTV0NZLVliZlhz 200
[debug] [2022-11-14T12:38:42.563Z] <<< [apiv2][body] GET https://cloudfunctions.googleapis.com/v1/operations/a3BpLXdlYi1ub2RlLXByb2plY3QtMy91cy1jZW50cmFsMS9oZWxsb1dvcmxkL3dTV0NZLVliZlhz {"name":"operations/a3BpLXdlYi1ub2RlLXByb2plY3QtMy91cy1jZW50cmFsMS9oZWxsb1dvcmxkL3dTV0NZLVliZlhz","metadata":{"@type":"type.googleapis.com/google.cloud.functions.v1.OperationMetadataV1","target":"projects/kpi-web-node-project-3/locations/us-central1/functions/helloWorld","type":"CREATE_FUNCTION","request":{"@type":"type.googleapis.com/google.cloud.functions.v1.CloudFunction","name":"projects/kpi-web-node-project-3/locations/us-central1/functions/helloWorld","httpsTrigger":{"securityLevel":"SECURE_ALWAYS"},"entryPoint":"helloWorld","labels":{"deployment-tool":"cli-firebase","firebase-functions-hash":"61eb56f6cd41351eae528def648793c218b2ae23"},"sourceUploadUrl":"https://storage.googleapis.com/uploads-28059068021.us-central1.cloudfunctions.appspot.com/bee0db01-1075-484f-8720-3c17b844cbd0.zip?GoogleAccessId=service-652643838360@gcf-admin-robot.iam.gserviceaccount.com&Expires=1668431291&Signature=dSOrniskv%2BOnotLIKHV8AyWdHGEvvXRoO9%2BDHJkHUteXMQKFv3OJhbVZIM07VuKu3J%2BHhDyNId%2BQXBfWt2BSJRTmfA3PbfXQ9r5u48ah%2ByktvO44MUWAjQfjQaW9k3e94v11xozyxnVJCYyyAARyKfHI%2BKt17ZbBLAXuqtrxat1RbAPrJe3RJMwY4H%2B4aA14k%2Fkv0F0Pc1MkXpCPBkjNVD1b7UzUYmsamnkK01Za3DGBW24MFfF%2F40EBYm0P3vq%2FUGhVBNU4TNw31njiLQeEucwzs48PtUhbJjcusmZhN02Vk6uZDFlg2KBNrbZJbdKy8HgIqB9pAacBwSOl5qt6Eg%3D%3D","environmentVariables":{"FIREBASE_CONFIG":"{\"projectId\":\"kpi-web-node-project-3\",\"storageBucket\":\"kpi-web-node-project-3.appspot.com\"}","GCLOUD_PROJECT":"kpi-web-node-project-3","EVENTARC_CLOUD_EVENT_SOURCE":"projects/kpi-web-node-project-3/locations/us-central1/functions/helloWorld"},"runtime":"nodejs16","dockerRegistry":"ARTIFACT_REGISTRY"},"versionId":"1","updateTime":"2022-11-14T12:38:12Z","buildId":"2d6ea094-1c01-43c0-965e-2fb1df2547f2","buildName":"projects/652643838360/locations/us-central1/builds/2d6ea094-1c01-43c0-965e-2fb1df2547f2"}}
[debug] [2022-11-14T12:38:52.570Z] [create-default-us-central1-helloWorld] Retrying task index 0
[debug] [2022-11-14T12:38:52.570Z] >>> [apiv2][query] GET https://cloudfunctions.googleapis.com/v1/operations/a3BpLXdlYi1ub2RlLXByb2plY3QtMy91cy1jZW50cmFsMS9oZWxsb1dvcmxkL3dTV0NZLVliZlhz [none]
[debug] [2022-11-14T12:38:52.883Z] <<< [apiv2][status] GET https://cloudfunctions.googleapis.com/v1/operations/a3BpLXdlYi1ub2RlLXByb2plY3QtMy91cy1jZW50cmFsMS9oZWxsb1dvcmxkL3dTV0NZLVliZlhz 200
[debug] [2022-11-14T12:38:52.883Z] <<< [apiv2][body] GET https://cloudfunctions.googleapis.com/v1/operations/a3BpLXdlYi1ub2RlLXByb2plY3QtMy91cy1jZW50cmFsMS9oZWxsb1dvcmxkL3dTV0NZLVliZlhz {"name":"operations/a3BpLXdlYi1ub2RlLXByb2plY3QtMy91cy1jZW50cmFsMS9oZWxsb1dvcmxkL3dTV0NZLVliZlhz","metadata":{"@type":"type.googleapis.com/google.cloud.functions.v1.OperationMetadataV1","target":"projects/kpi-web-node-project-3/locations/us-central1/functions/helloWorld","type":"CREATE_FUNCTION","request":{"@type":"type.googleapis.com/google.cloud.functions.v1.CloudFunction","name":"projects/kpi-web-node-project-3/locations/us-central1/functions/helloWorld","httpsTrigger":{"securityLevel":"SECURE_ALWAYS"},"entryPoint":"helloWorld","labels":{"deployment-tool":"cli-firebase","firebase-functions-hash":"61eb56f6cd41351eae528def648793c218b2ae23"},"sourceUploadUrl":"https://storage.googleapis.com/uploads-28059068021.us-central1.cloudfunctions.appspot.com/bee0db01-1075-484f-8720-3c17b844cbd0.zip?GoogleAccessId=service-652643838360@gcf-admin-robot.iam.gserviceaccount.com&Expires=1668431291&Signature=dSOrniskv%2BOnotLIKHV8AyWdHGEvvXRoO9%2BDHJkHUteXMQKFv3OJhbVZIM07VuKu3J%2BHhDyNId%2BQXBfWt2BSJRTmfA3PbfXQ9r5u48ah%2ByktvO44MUWAjQfjQaW9k3e94v11xozyxnVJCYyyAARyKfHI%2BKt17ZbBLAXuqtrxat1RbAPrJe3RJMwY4H%2B4aA14k%2Fkv0F0Pc1MkXpCPBkjNVD1b7UzUYmsamnkK01Za3DGBW24MFfF%2F40EBYm0P3vq%2FUGhVBNU4TNw31njiLQeEucwzs48PtUhbJjcusmZhN02Vk6uZDFlg2KBNrbZJbdKy8HgIqB9pAacBwSOl5qt6Eg%3D%3D","environmentVariables":{"FIREBASE_CONFIG":"{\"projectId\":\"kpi-web-node-project-3\",\"storageBucket\":\"kpi-web-node-project-3.appspot.com\"}","GCLOUD_PROJECT":"kpi-web-node-project-3","EVENTARC_CLOUD_EVENT_SOURCE":"projects/kpi-web-node-project-3/locations/us-central1/functions/helloWorld"},"runtime":"nodejs16","dockerRegistry":"ARTIFACT_REGISTRY"},"versionId":"1","updateTime":"2022-11-14T12:38:12Z","buildId":"2d6ea094-1c01-43c0-965e-2fb1df2547f2","buildName":"projects/652643838360/locations/us-central1/builds/2d6ea094-1c01-43c0-965e-2fb1df2547f2"}}
[debug] [2022-11-14T12:39:02.894Z] [create-default-us-central1-helloWorld] Retrying task index 0
[debug] [2022-11-14T12:39:02.894Z] >>> [apiv2][query] GET https://cloudfunctions.googleapis.com/v1/operations/a3BpLXdlYi1ub2RlLXByb2plY3QtMy91cy1jZW50cmFsMS9oZWxsb1dvcmxkL3dTV0NZLVliZlhz [none]
[debug] [2022-11-14T12:39:03.227Z] <<< [apiv2][status] GET https://cloudfunctions.googleapis.com/v1/operations/a3BpLXdlYi1ub2RlLXByb2plY3QtMy91cy1jZW50cmFsMS9oZWxsb1dvcmxkL3dTV0NZLVliZlhz 200
[debug] [2022-11-14T12:39:03.227Z] <<< [apiv2][body] GET https://cloudfunctions.googleapis.com/v1/operations/a3BpLXdlYi1ub2RlLXByb2plY3QtMy91cy1jZW50cmFsMS9oZWxsb1dvcmxkL3dTV0NZLVliZlhz {"name":"operations/a3BpLXdlYi1ub2RlLXByb2plY3QtMy91cy1jZW50cmFsMS9oZWxsb1dvcmxkL3dTV0NZLVliZlhz","metadata":{"@type":"type.googleapis.com/google.cloud.functions.v1.OperationMetadataV1","target":"projects/kpi-web-node-project-3/locations/us-central1/functions/helloWorld","type":"CREATE_FUNCTION","request":{"@type":"type.googleapis.com/google.cloud.functions.v1.CloudFunction","name":"projects/kpi-web-node-project-3/locations/us-central1/functions/helloWorld","httpsTrigger":{"securityLevel":"SECURE_ALWAYS"},"entryPoint":"helloWorld","labels":{"deployment-tool":"cli-firebase","firebase-functions-hash":"61eb56f6cd41351eae528def648793c218b2ae23"},"sourceUploadUrl":"https://storage.googleapis.com/uploads-28059068021.us-central1.cloudfunctions.appspot.com/bee0db01-1075-484f-8720-3c17b844cbd0.zip?GoogleAccessId=service-652643838360@gcf-admin-robot.iam.gserviceaccount.com&Expires=1668431291&Signature=dSOrniskv%2BOnotLIKHV8AyWdHGEvvXRoO9%2BDHJkHUteXMQKFv3OJhbVZIM07VuKu3J%2BHhDyNId%2BQXBfWt2BSJRTmfA3PbfXQ9r5u48ah%2ByktvO44MUWAjQfjQaW9k3e94v11xozyxnVJCYyyAARyKfHI%2BKt17ZbBLAXuqtrxat1RbAPrJe3RJMwY4H%2B4aA14k%2Fkv0F0Pc1MkXpCPBkjNVD1b7UzUYmsamnkK01Za3DGBW24MFfF%2F40EBYm0P3vq%2FUGhVBNU4TNw31njiLQeEucwzs48PtUhbJjcusmZhN02Vk6uZDFlg2KBNrbZJbdKy8HgIqB9pAacBwSOl5qt6Eg%3D%3D","environmentVariables":{"FIREBASE_CONFIG":"{\"projectId\":\"kpi-web-node-project-3\",\"storageBucket\":\"kpi-web-node-project-3.appspot.com\"}","GCLOUD_PROJECT":"kpi-web-node-project-3","EVENTARC_CLOUD_EVENT_SOURCE":"projects/kpi-web-node-project-3/locations/us-central1/functions/helloWorld"},"runtime":"nodejs16","dockerRegistry":"ARTIFACT_REGISTRY"},"versionId":"1","updateTime":"2022-11-14T12:38:12Z","buildId":"2d6ea094-1c01-43c0-965e-2fb1df2547f2","buildName":"projects/652643838360/locations/us-central1/builds/2d6ea094-1c01-43c0-965e-2fb1df2547f2"}}
[debug] [2022-11-14T12:39:13.243Z] [create-default-us-central1-helloWorld] Retrying task index 0
[debug] [2022-11-14T12:39:13.245Z] >>> [apiv2][query] GET https://cloudfunctions.googleapis.com/v1/operations/a3BpLXdlYi1ub2RlLXByb2plY3QtMy91cy1jZW50cmFsMS9oZWxsb1dvcmxkL3dTV0NZLVliZlhz [none]
[debug] [2022-11-14T12:39:13.558Z] <<< [apiv2][status] GET https://cloudfunctions.googleapis.com/v1/operations/a3BpLXdlYi1ub2RlLXByb2plY3QtMy91cy1jZW50cmFsMS9oZWxsb1dvcmxkL3dTV0NZLVliZlhz 200
[debug] [2022-11-14T12:39:13.559Z] <<< [apiv2][body] GET https://cloudfunctions.googleapis.com/v1/operations/a3BpLXdlYi1ub2RlLXByb2plY3QtMy91cy1jZW50cmFsMS9oZWxsb1dvcmxkL3dTV0NZLVliZlhz {"name":"operations/a3BpLXdlYi1ub2RlLXByb2plY3QtMy91cy1jZW50cmFsMS9oZWxsb1dvcmxkL3dTV0NZLVliZlhz","metadata":{"@type":"type.googleapis.com/google.cloud.functions.v1.OperationMetadataV1","target":"projects/kpi-web-node-project-3/locations/us-central1/functions/helloWorld","type":"CREATE_FUNCTION","request":{"@type":"type.googleapis.com/google.cloud.functions.v1.CloudFunction","name":"projects/kpi-web-node-project-3/locations/us-central1/functions/helloWorld","httpsTrigger":{"securityLevel":"SECURE_ALWAYS"},"entryPoint":"helloWorld","labels":{"deployment-tool":"cli-firebase","firebase-functions-hash":"61eb56f6cd41351eae528def648793c218b2ae23"},"sourceUploadUrl":"https://storage.googleapis.com/uploads-28059068021.us-central1.cloudfunctions.appspot.com/bee0db01-1075-484f-8720-3c17b844cbd0.zip?GoogleAccessId=service-652643838360@gcf-admin-robot.iam.gserviceaccount.com&Expires=1668431291&Signature=dSOrniskv%2BOnotLIKHV8AyWdHGEvvXRoO9%2BDHJkHUteXMQKFv3OJhbVZIM07VuKu3J%2BHhDyNId%2BQXBfWt2BSJRTmfA3PbfXQ9r5u48ah%2ByktvO44MUWAjQfjQaW9k3e94v11xozyxnVJCYyyAARyKfHI%2BKt17ZbBLAXuqtrxat1RbAPrJe3RJMwY4H%2B4aA14k%2Fkv0F0Pc1MkXpCPBkjNVD1b7UzUYmsamnkK01Za3DGBW24MFfF%2F40EBYm0P3vq%2FUGhVBNU4TNw31njiLQeEucwzs48PtUhbJjcusmZhN02Vk6uZDFlg2KBNrbZJbdKy8HgIqB9pAacBwSOl5qt6Eg%3D%3D","environmentVariables":{"FIREBASE_CONFIG":"{\"projectId\":\"kpi-web-node-project-3\",\"storageBucket\":\"kpi-web-node-project-3.appspot.com\"}","GCLOUD_PROJECT":"kpi-web-node-project-3","EVENTARC_CLOUD_EVENT_SOURCE":"projects/kpi-web-node-project-3/locations/us-central1/functions/helloWorld"},"runtime":"nodejs16","dockerRegistry":"ARTIFACT_REGISTRY"},"versionId":"1","updateTime":"2022-11-14T12:38:12Z","buildId":"2d6ea094-1c01-43c0-965e-2fb1df2547f2","buildName":"projects/652643838360/locations/us-central1/builds/2d6ea094-1c01-43c0-965e-2fb1df2547f2"}}
[debug] [2022-11-14T12:39:23.564Z] [create-default-us-central1-helloWorld] Retrying task index 0
[debug] [2022-11-14T12:39:23.565Z] >>> [apiv2][query] GET https://cloudfunctions.googleapis.com/v1/operations/a3BpLXdlYi1ub2RlLXByb2plY3QtMy91cy1jZW50cmFsMS9oZWxsb1dvcmxkL3dTV0NZLVliZlhz [none]
[debug] [2022-11-14T12:39:23.891Z] <<< [apiv2][status] GET https://cloudfunctions.googleapis.com/v1/operations/a3BpLXdlYi1ub2RlLXByb2plY3QtMy91cy1jZW50cmFsMS9oZWxsb1dvcmxkL3dTV0NZLVliZlhz 200
[debug] [2022-11-14T12:39:23.892Z] <<< [apiv2][body] GET https://cloudfunctions.googleapis.com/v1/operations/a3BpLXdlYi1ub2RlLXByb2plY3QtMy91cy1jZW50cmFsMS9oZWxsb1dvcmxkL3dTV0NZLVliZlhz {"name":"operations/a3BpLXdlYi1ub2RlLXByb2plY3QtMy91cy1jZW50cmFsMS9oZWxsb1dvcmxkL3dTV0NZLVliZlhz","metadata":{"@type":"type.googleapis.com/google.cloud.functions.v1.OperationMetadataV1","target":"projects/kpi-web-node-project-3/locations/us-central1/functions/helloWorld","type":"CREATE_FUNCTION","request":{"@type":"type.googleapis.com/google.cloud.functions.v1.CloudFunction","name":"projects/kpi-web-node-project-3/locations/us-central1/functions/helloWorld","httpsTrigger":{"securityLevel":"SECURE_ALWAYS"},"entryPoint":"helloWorld","labels":{"deployment-tool":"cli-firebase","firebase-functions-hash":"61eb56f6cd41351eae528def648793c218b2ae23"},"sourceUploadUrl":"https://storage.googleapis.com/uploads-28059068021.us-central1.cloudfunctions.appspot.com/bee0db01-1075-484f-8720-3c17b844cbd0.zip?GoogleAccessId=service-652643838360@gcf-admin-robot.iam.gserviceaccount.com&Expires=1668431291&Signature=dSOrniskv%2BOnotLIKHV8AyWdHGEvvXRoO9%2BDHJkHUteXMQKFv3OJhbVZIM07VuKu3J%2BHhDyNId%2BQXBfWt2BSJRTmfA3PbfXQ9r5u48ah%2ByktvO44MUWAjQfjQaW9k3e94v11xozyxnVJCYyyAARyKfHI%2BKt17ZbBLAXuqtrxat1RbAPrJe3RJMwY4H%2B4aA14k%2Fkv0F0Pc1MkXpCPBkjNVD1b7UzUYmsamnkK01Za3DGBW24MFfF%2F40EBYm0P3vq%2FUGhVBNU4TNw31njiLQeEucwzs48PtUhbJjcusmZhN02Vk6uZDFlg2KBNrbZJbdKy8HgIqB9pAacBwSOl5qt6Eg%3D%3D","environmentVariables":{"FIREBASE_CONFIG":"{\"projectId\":\"kpi-web-node-project-3\",\"storageBucket\":\"kpi-web-node-project-3.appspot.com\"}","GCLOUD_PROJECT":"kpi-web-node-project-3","EVENTARC_CLOUD_EVENT_SOURCE":"projects/kpi-web-node-project-3/locations/us-central1/functions/helloWorld"},"runtime":"nodejs16","dockerRegistry":"ARTIFACT_REGISTRY"},"versionId":"1","updateTime":"2022-11-14T12:38:12Z","buildId":"2d6ea094-1c01-43c0-965e-2fb1df2547f2","buildName":"projects/652643838360/locations/us-central1/builds/2d6ea094-1c01-43c0-965e-2fb1df2547f2"}}
[debug] [2022-11-14T12:39:33.896Z] [create-default-us-central1-helloWorld] Retrying task index 0
[debug] [2022-11-14T12:39:33.897Z] >>> [apiv2][query] GET https://cloudfunctions.googleapis.com/v1/operations/a3BpLXdlYi1ub2RlLXByb2plY3QtMy91cy1jZW50cmFsMS9oZWxsb1dvcmxkL3dTV0NZLVliZlhz [none]
[debug] [2022-11-14T12:39:34.248Z] <<< [apiv2][status] GET https://cloudfunctions.googleapis.com/v1/operations/a3BpLXdlYi1ub2RlLXByb2plY3QtMy91cy1jZW50cmFsMS9oZWxsb1dvcmxkL3dTV0NZLVliZlhz 200
[debug] [2022-11-14T12:39:34.249Z] <<< [apiv2][body] GET https://cloudfunctions.googleapis.com/v1/operations/a3BpLXdlYi1ub2RlLXByb2plY3QtMy91cy1jZW50cmFsMS9oZWxsb1dvcmxkL3dTV0NZLVliZlhz {"name":"operations/a3BpLXdlYi1ub2RlLXByb2plY3QtMy91cy1jZW50cmFsMS9oZWxsb1dvcmxkL3dTV0NZLVliZlhz","metadata":{"@type":"type.googleapis.com/google.cloud.functions.v1.OperationMetadataV1","target":"projects/kpi-web-node-project-3/locations/us-central1/functions/helloWorld","type":"CREATE_FUNCTION","request":{"@type":"type.googleapis.com/google.cloud.functions.v1.CloudFunction","name":"projects/kpi-web-node-project-3/locations/us-central1/functions/helloWorld","httpsTrigger":{"securityLevel":"SECURE_ALWAYS"},"entryPoint":"helloWorld","labels":{"deployment-tool":"cli-firebase","firebase-functions-hash":"61eb56f6cd41351eae528def648793c218b2ae23"},"sourceUploadUrl":"https://storage.googleapis.com/uploads-28059068021.us-central1.cloudfunctions.appspot.com/bee0db01-1075-484f-8720-3c17b844cbd0.zip?GoogleAccessId=service-652643838360@gcf-admin-robot.iam.gserviceaccount.com&Expires=1668431291&Signature=dSOrniskv%2BOnotLIKHV8AyWdHGEvvXRoO9%2BDHJkHUteXMQKFv3OJhbVZIM07VuKu3J%2BHhDyNId%2BQXBfWt2BSJRTmfA3PbfXQ9r5u48ah%2ByktvO44MUWAjQfjQaW9k3e94v11xozyxnVJCYyyAARyKfHI%2BKt17ZbBLAXuqtrxat1RbAPrJe3RJMwY4H%2B4aA14k%2Fkv0F0Pc1MkXpCPBkjNVD1b7UzUYmsamnkK01Za3DGBW24MFfF%2F40EBYm0P3vq%2FUGhVBNU4TNw31njiLQeEucwzs48PtUhbJjcusmZhN02Vk6uZDFlg2KBNrbZJbdKy8HgIqB9pAacBwSOl5qt6Eg%3D%3D","environmentVariables":{"FIREBASE_CONFIG":"{\"projectId\":\"kpi-web-node-project-3\",\"storageBucket\":\"kpi-web-node-project-3.appspot.com\"}","GCLOUD_PROJECT":"kpi-web-node-project-3","EVENTARC_CLOUD_EVENT_SOURCE":"projects/kpi-web-node-project-3/locations/us-central1/functions/helloWorld"},"runtime":"nodejs16","dockerRegistry":"ARTIFACT_REGISTRY"},"versionId":"1","updateTime":"2022-11-14T12:38:12Z","buildId":"2d6ea094-1c01-43c0-965e-2fb1df2547f2","buildName":"projects/652643838360/locations/us-central1/builds/2d6ea094-1c01-43c0-965e-2fb1df2547f2"}}
[debug] [2022-11-14T12:39:44.260Z] [create-default-us-central1-helloWorld] Retrying task index 0
[debug] [2022-11-14T12:39:44.261Z] >>> [apiv2][query] GET https://cloudfunctions.googleapis.com/v1/operations/a3BpLXdlYi1ub2RlLXByb2plY3QtMy91cy1jZW50cmFsMS9oZWxsb1dvcmxkL3dTV0NZLVliZlhz [none]
[debug] [2022-11-14T12:39:44.602Z] <<< [apiv2][status] GET https://cloudfunctions.googleapis.com/v1/operations/a3BpLXdlYi1ub2RlLXByb2plY3QtMy91cy1jZW50cmFsMS9oZWxsb1dvcmxkL3dTV0NZLVliZlhz 200
[debug] [2022-11-14T12:39:44.603Z] <<< [apiv2][body] GET https://cloudfunctions.googleapis.com/v1/operations/a3BpLXdlYi1ub2RlLXByb2plY3QtMy91cy1jZW50cmFsMS9oZWxsb1dvcmxkL3dTV0NZLVliZlhz {"name":"operations/a3BpLXdlYi1ub2RlLXByb2plY3QtMy91cy1jZW50cmFsMS9oZWxsb1dvcmxkL3dTV0NZLVliZlhz","metadata":{"@type":"type.googleapis.com/google.cloud.functions.v1.OperationMetadataV1","target":"projects/kpi-web-node-project-3/locations/us-central1/functions/helloWorld","type":"CREATE_FUNCTION","request":{"@type":"type.googleapis.com/google.cloud.functions.v1.CloudFunction","name":"projects/kpi-web-node-project-3/locations/us-central1/functions/helloWorld","httpsTrigger":{"securityLevel":"SECURE_ALWAYS"},"entryPoint":"helloWorld","labels":{"deployment-tool":"cli-firebase","firebase-functions-hash":"61eb56f6cd41351eae528def648793c218b2ae23"},"sourceUploadUrl":"https://storage.googleapis.com/uploads-28059068021.us-central1.cloudfunctions.appspot.com/bee0db01-1075-484f-8720-3c17b844cbd0.zip?GoogleAccessId=service-652643838360@gcf-admin-robot.iam.gserviceaccount.com&Expires=1668431291&Signature=dSOrniskv%2BOnotLIKHV8AyWdHGEvvXRoO9%2BDHJkHUteXMQKFv3OJhbVZIM07VuKu3J%2BHhDyNId%2BQXBfWt2BSJRTmfA3PbfXQ9r5u48ah%2ByktvO44MUWAjQfjQaW9k3e94v11xozyxnVJCYyyAARyKfHI%2BKt17ZbBLAXuqtrxat1RbAPrJe3RJMwY4H%2B4aA14k%2Fkv0F0Pc1MkXpCPBkjNVD1b7UzUYmsamnkK01Za3DGBW24MFfF%2F40EBYm0P3vq%2FUGhVBNU4TNw31njiLQeEucwzs48PtUhbJjcusmZhN02Vk6uZDFlg2KBNrbZJbdKy8HgIqB9pAacBwSOl5qt6Eg%3D%3D","environmentVariables":{"FIREBASE_CONFIG":"{\"projectId\":\"kpi-web-node-project-3\",\"storageBucket\":\"kpi-web-node-project-3.appspot.com\"}","GCLOUD_PROJECT":"kpi-web-node-project-3","EVENTARC_CLOUD_EVENT_SOURCE":"projects/kpi-web-node-project-3/locations/us-central1/functions/helloWorld"},"runtime":"nodejs16","dockerRegistry":"ARTIFACT_REGISTRY"},"versionId":"1","updateTime":"2022-11-14T12:38:12Z","buildId":"2d6ea094-1c01-43c0-965e-2fb1df2547f2","sourceToken":"08955ba5-693e-4e5c-a86f-87cd86df3e8a","buildName":"projects/652643838360/locations/us-central1/builds/2d6ea094-1c01-43c0-965e-2fb1df2547f2"}}
[debug] [2022-11-14T12:39:44.604Z] Got source token 08955ba5-693e-4e5c-a86f-87cd86df3e8a for region us-central1
[debug] [2022-11-14T12:39:54.610Z] [create-default-us-central1-helloWorld] Retrying task index 0
[debug] [2022-11-14T12:39:54.610Z] >>> [apiv2][query] GET https://cloudfunctions.googleapis.com/v1/operations/a3BpLXdlYi1ub2RlLXByb2plY3QtMy91cy1jZW50cmFsMS9oZWxsb1dvcmxkL3dTV0NZLVliZlhz [none]
[debug] [2022-11-14T12:39:54.937Z] <<< [apiv2][status] GET https://cloudfunctions.googleapis.com/v1/operations/a3BpLXdlYi1ub2RlLXByb2plY3QtMy91cy1jZW50cmFsMS9oZWxsb1dvcmxkL3dTV0NZLVliZlhz 200
[debug] [2022-11-14T12:39:54.937Z] <<< [apiv2][body] GET https://cloudfunctions.googleapis.com/v1/operations/a3BpLXdlYi1ub2RlLXByb2plY3QtMy91cy1jZW50cmFsMS9oZWxsb1dvcmxkL3dTV0NZLVliZlhz {"name":"operations/a3BpLXdlYi1ub2RlLXByb2plY3QtMy91cy1jZW50cmFsMS9oZWxsb1dvcmxkL3dTV0NZLVliZlhz","metadata":{"@type":"type.googleapis.com/google.cloud.functions.v1.OperationMetadataV1","target":"projects/kpi-web-node-project-3/locations/us-central1/functions/helloWorld","type":"CREATE_FUNCTION","request":{"@type":"type.googleapis.com/google.cloud.functions.v1.CloudFunction","name":"projects/kpi-web-node-project-3/locations/us-central1/functions/helloWorld","httpsTrigger":{"securityLevel":"SECURE_ALWAYS"},"entryPoint":"helloWorld","labels":{"deployment-tool":"cli-firebase","firebase-functions-hash":"61eb56f6cd41351eae528def648793c218b2ae23"},"sourceUploadUrl":"https://storage.googleapis.com/uploads-28059068021.us-central1.cloudfunctions.appspot.com/bee0db01-1075-484f-8720-3c17b844cbd0.zip?GoogleAccessId=service-652643838360@gcf-admin-robot.iam.gserviceaccount.com&Expires=1668431291&Signature=dSOrniskv%2BOnotLIKHV8AyWdHGEvvXRoO9%2BDHJkHUteXMQKFv3OJhbVZIM07VuKu3J%2BHhDyNId%2BQXBfWt2BSJRTmfA3PbfXQ9r5u48ah%2ByktvO44MUWAjQfjQaW9k3e94v11xozyxnVJCYyyAARyKfHI%2BKt17ZbBLAXuqtrxat1RbAPrJe3RJMwY4H%2B4aA14k%2Fkv0F0Pc1MkXpCPBkjNVD1b7UzUYmsamnkK01Za3DGBW24MFfF%2F40EBYm0P3vq%2FUGhVBNU4TNw31njiLQeEucwzs48PtUhbJjcusmZhN02Vk6uZDFlg2KBNrbZJbdKy8HgIqB9pAacBwSOl5qt6Eg%3D%3D","environmentVariables":{"FIREBASE_CONFIG":"{\"projectId\":\"kpi-web-node-project-3\",\"storageBucket\":\"kpi-web-node-project-3.appspot.com\"}","GCLOUD_PROJECT":"kpi-web-node-project-3","EVENTARC_CLOUD_EVENT_SOURCE":"projects/kpi-web-node-project-3/locations/us-central1/functions/helloWorld"},"runtime":"nodejs16","dockerRegistry":"ARTIFACT_REGISTRY"},"versionId":"1","updateTime":"2022-11-14T12:38:12Z","buildId":"2d6ea094-1c01-43c0-965e-2fb1df2547f2","sourceToken":"08955ba5-693e-4e5c-a86f-87cd86df3e8a","buildName":"projects/652643838360/locations/us-central1/builds/2d6ea094-1c01-43c0-965e-2fb1df2547f2"}}
[debug] [2022-11-14T12:39:54.939Z] Got source token 08955ba5-693e-4e5c-a86f-87cd86df3e8a for region us-central1
[debug] [2022-11-14T12:40:04.952Z] [create-default-us-central1-helloWorld] Retrying task index 0
[debug] [2022-11-14T12:40:04.954Z] >>> [apiv2][query] GET https://cloudfunctions.googleapis.com/v1/operations/a3BpLXdlYi1ub2RlLXByb2plY3QtMy91cy1jZW50cmFsMS9oZWxsb1dvcmxkL3dTV0NZLVliZlhz [none]
[debug] [2022-11-14T12:40:05.311Z] <<< [apiv2][status] GET https://cloudfunctions.googleapis.com/v1/operations/a3BpLXdlYi1ub2RlLXByb2plY3QtMy91cy1jZW50cmFsMS9oZWxsb1dvcmxkL3dTV0NZLVliZlhz 200
[debug] [2022-11-14T12:40:05.312Z] <<< [apiv2][body] GET https://cloudfunctions.googleapis.com/v1/operations/a3BpLXdlYi1ub2RlLXByb2plY3QtMy91cy1jZW50cmFsMS9oZWxsb1dvcmxkL3dTV0NZLVliZlhz {"name":"operations/a3BpLXdlYi1ub2RlLXByb2plY3QtMy91cy1jZW50cmFsMS9oZWxsb1dvcmxkL3dTV0NZLVliZlhz","metadata":{"@type":"type.googleapis.com/google.cloud.functions.v1.OperationMetadataV1","target":"projects/kpi-web-node-project-3/locations/us-central1/functions/helloWorld","type":"CREATE_FUNCTION","request":{"@type":"type.googleapis.com/google.cloud.functions.v1.CloudFunction","name":"projects/kpi-web-node-project-3/locations/us-central1/functions/helloWorld","httpsTrigger":{"securityLevel":"SECURE_ALWAYS"},"entryPoint":"helloWorld","labels":{"deployment-tool":"cli-firebase","firebase-functions-hash":"61eb56f6cd41351eae528def648793c218b2ae23"},"sourceUploadUrl":"https://storage.googleapis.com/uploads-28059068021.us-central1.cloudfunctions.appspot.com/bee0db01-1075-484f-8720-3c17b844cbd0.zip?GoogleAccessId=service-652643838360@gcf-admin-robot.iam.gserviceaccount.com&Expires=1668431291&Signature=dSOrniskv%2BOnotLIKHV8AyWdHGEvvXRoO9%2BDHJkHUteXMQKFv3OJhbVZIM07VuKu3J%2BHhDyNId%2BQXBfWt2BSJRTmfA3PbfXQ9r5u48ah%2ByktvO44MUWAjQfjQaW9k3e94v11xozyxnVJCYyyAARyKfHI%2BKt17ZbBLAXuqtrxat1RbAPrJe3RJMwY4H%2B4aA14k%2Fkv0F0Pc1MkXpCPBkjNVD1b7UzUYmsamnkK01Za3DGBW24MFfF%2F40EBYm0P3vq%2FUGhVBNU4TNw31njiLQeEucwzs48PtUhbJjcusmZhN02Vk6uZDFlg2KBNrbZJbdKy8HgIqB9pAacBwSOl5qt6Eg%3D%3D","environmentVariables":{"FIREBASE_CONFIG":"{\"projectId\":\"kpi-web-node-project-3\",\"storageBucket\":\"kpi-web-node-project-3.appspot.com\"}","GCLOUD_PROJECT":"kpi-web-node-project-3","EVENTARC_CLOUD_EVENT_SOURCE":"projects/kpi-web-node-project-3/locations/us-central1/functions/helloWorld"},"runtime":"nodejs16","dockerRegistry":"ARTIFACT_REGISTRY"},"versionId":"1","updateTime":"2022-11-14T12:39:57Z","buildId":"2d6ea094-1c01-43c0-965e-2fb1df2547f2","sourceToken":"08955ba5-693e-4e5c-a86f-87cd86df3e8a","buildName":"projects/652643838360/locations/us-central1/builds/2d6ea094-1c01-43c0-965e-2fb1df2547f2"},"done":true,"response":{"@type":"type.googleapis.com/google.cloud.functions.v1.CloudFunction","name":"projects/kpi-web-node-project-3/locations/us-central1/functions/helloWorld","httpsTrigger":{"url":"https://us-central1-kpi-web-node-project-3.cloudfunctions.net/helloWorld","securityLevel":"SECURE_ALWAYS"},"status":"ACTIVE","entryPoint":"helloWorld","timeout":"60s","availableMemoryMb":256,"serviceAccountEmail":"kpi-web-node-project-3@appspot.gserviceaccount.com","updateTime":"2022-11-14T12:39:57.645Z","versionId":"1","labels":{"deployment-tool":"cli-firebase","firebase-functions-hash":"61eb56f6cd41351eae528def648793c218b2ae23"},"sourceUploadUrl":"https://storage.googleapis.com/uploads-28059068021.us-central1.cloudfunctions.appspot.com/bee0db01-1075-484f-8720-3c17b844cbd0.zip","environmentVariables":{"FIREBASE_CONFIG":"{\"projectId\":\"kpi-web-node-project-3\",\"storageBucket\":\"kpi-web-node-project-3.appspot.com\"}","GCLOUD_PROJECT":"kpi-web-node-project-3","EVENTARC_CLOUD_EVENT_SOURCE":"projects/kpi-web-node-project-3/locations/us-central1/functions/helloWorld"},"runtime":"nodejs16","ingressSettings":"ALLOW_ALL","buildId":"2d6ea094-1c01-43c0-965e-2fb1df2547f2","buildName":"projects/652643838360/locations/us-central1/builds/2d6ea094-1c01-43c0-965e-2fb1df2547f2","dockerRegistry":"ARTIFACT_REGISTRY"}}
[debug] [2022-11-14T12:40:05.313Z] Got source token 08955ba5-693e-4e5c-a86f-87cd86df3e8a for region us-central1
[debug] [2022-11-14T12:40:05.314Z] >>> [apiv2][query] POST https://cloudfunctions.googleapis.com/v1/projects/kpi-web-node-project-3/locations/us-central1/functions/helloWorld:setIamPolicy [none]
[debug] [2022-11-14T12:40:05.314Z] >>> [apiv2][body] POST https://cloudfunctions.googleapis.com/v1/projects/kpi-web-node-project-3/locations/us-central1/functions/helloWorld:setIamPolicy {"policy":{"bindings":[{"role":"roles/cloudfunctions.invoker","members":["allUsers"]}],"etag":"","version":3},"updateMask":"bindings,etag,version"}
[debug] [2022-11-14T12:40:05.729Z] <<< [apiv2][status] POST https://cloudfunctions.googleapis.com/v1/projects/kpi-web-node-project-3/locations/us-central1/functions/helloWorld:setIamPolicy 200
[debug] [2022-11-14T12:40:05.729Z] <<< [apiv2][body] POST https://cloudfunctions.googleapis.com/v1/projects/kpi-web-node-project-3/locations/us-central1/functions/helloWorld:setIamPolicy {"version":1,"etag":"BwXtbYndAhM=","bindings":[{"role":"roles/cloudfunctions.invoker","members":["allUsers"]}]}
[info] +  functions[helloWorld(us-central1)] Successful create operation. 
[debug] [2022-11-14T12:40:05.731Z] Total Function Deployment time: 111715
[debug] [2022-11-14T12:40:05.731Z] 1 Functions Deployed
[debug] [2022-11-14T12:40:05.732Z] 0 Functions Errored
[debug] [2022-11-14T12:40:05.732Z] 0 Function Deployments Aborted
[debug] [2022-11-14T12:40:05.732Z] Average Function Deployment time: 111714
[info] Function URL (helloWorld(us-central1)): https://us-central1-kpi-web-node-project-3.cloudfunctions.net/helloWorld
[info] i  functions: cleaning up build files... 
[debug] [2022-11-14T12:40:05.734Z] >>> [apiv2][query] DELETE https://artifactregistry.googleapis.com/v1beta2/projects/kpi-web-node-project-3/locations/us-central1/repositories/gcf-artifacts/packages/hello_world [none]
[debug] [2022-11-14T12:40:05.735Z] >>> [apiv2][query] GET https://us.gcr.io/v2/kpi-web-node-project-3/gcf/us-central1/tags/list [none]
[debug] [2022-11-14T12:40:06.108Z] <<< [apiv2][status] GET https://us.gcr.io/v2/kpi-web-node-project-3/gcf/us-central1/tags/list 200
[debug] [2022-11-14T12:40:06.109Z] <<< [apiv2][body] GET https://us.gcr.io/v2/kpi-web-node-project-3/gcf/us-central1/tags/list {"child":[],"manifest":{},"name":"kpi-web-node-project-3/gcf/us-central1","tags":[]}
[debug] [2022-11-14T12:40:06.109Z] Could not find image for function projects/kpi-web-node-project-3/locations/us-central1/functions/helloWorld
[debug] [2022-11-14T12:40:06.542Z] <<< [apiv2][status] DELETE https://artifactregistry.googleapis.com/v1beta2/projects/kpi-web-node-project-3/locations/us-central1/repositories/gcf-artifacts/packages/hello_world 200
[debug] [2022-11-14T12:40:06.543Z] <<< [apiv2][body] DELETE https://artifactregistry.googleapis.com/v1beta2/projects/kpi-web-node-project-3/locations/us-central1/repositories/gcf-artifacts/packages/hello_world {"name":"projects/kpi-web-node-project-3/locations/us-central1/operations/cf487adc-1e92-4079-bd92-91682e9629ef","metadata":{"@type":"type.googleapis.com/google.devtools.artifactregistry.v1beta2.OperationMetadata"}}
[debug] [2022-11-14T12:40:06.544Z] >>> [apiv2][query] GET https://artifactregistry.googleapis.com/v1beta2/projects/kpi-web-node-project-3/locations/us-central1/operations/cf487adc-1e92-4079-bd92-91682e9629ef [none]
[debug] [2022-11-14T12:40:07.360Z] <<< [apiv2][status] GET https://artifactregistry.googleapis.com/v1beta2/projects/kpi-web-node-project-3/locations/us-central1/operations/cf487adc-1e92-4079-bd92-91682e9629ef 200
